#
# A fatal error has been detected by the Java Runtime Environment:
#
#  Internal Error (jvmciRuntime.cpp:1609), pid=1533, tid=1547
#  fatal error: Fatal exception in JVMCI: Error calling jdk.vm.ci.services.Services.serializeSavedProperties
#
# JRE version: OpenJDK Runtime Environment GraalVM CE 22.3.0 (17.0.5+8) (build 17.0.5+8-jvmci-22.3-b08)
# Java VM: OpenJDK 64-Bit Server VM GraalVM CE 22.3.0 (17.0.5+8-jvmci-22.3-b08, mixed mode, sharing, tiered, jvmci, jvmci compiler, compressed oops, compressed class ptrs, parallel gc, linux-amd64)
# Problematic frame:
# V  [libjvm.so+0x972714]  JVMCIRuntime::fatal_exception(JVMCIEnv*, char const*)+0x74
#
# Core dump will be written. Default location: Core dumps may be processed with "/usr/share/apport/apport -p%p -s%s -c%c -d%d -P%P -u%u -g%g -- %E" (or dumping to /home/runner/SDLC-Assignment/core.1533)
#
# If you would like to submit a bug report, please visit:
#   https://github.com/oracle/graal/issues
#

---------------  S U M M A R Y ------------

Command Line: -XX:ThreadPriorityPolicy=1 -XX:+UnlockExperimentalVMOptions -XX:+EnableJVMCIProduct -XX:JVMCIThreadsPerNativeLibraryRuntime=1 -XX:-UnlockExperimentalVMOptions -Declipse.application=org.eclipse.jdt.ls.core.id1 -Dosgi.bundles.defaultStartLevel=4 -Declipse.product=org.eclipse.jdt.ls.core.product -Dlog.level=ALL -Xverify:none -XX:+UseParallelGC -XX:GCTimeRatio=4 -XX:AdaptiveSizePolicyWeight=90 -Dsun.zip.disableMemoryMapping=true -Xmx512m -Xms100m /nix/store/m6gcpi1ii6rghy04cjwjddcavv7i90df-jdt-language-server-1.9.0/share/java/plugins/org.eclipse.equinox.launcher_1.6.400.v20210924-0641.jar --add-modules=ALL-SYSTEM --add-opens java.base/java.util=ALL-UNNAMED --add-opens java.base/java.lang=ALL-UNNAMED -configuration /home/runner/.cache/jdt-language-server/config -data /home/runner/.cache/jdt-language-server/data/home/runner/SDLC-Assignment

Host: AMD EPYC 7B12, 8 cores, 1G, Ubuntu 20.04.2 LTS
Time: Tue Feb  7 00:26:19 2023 UTC elapsed time: 1503.656837 seconds (0d 0h 25m 3s)

---------------  T H R E A D  ---------------

Current thread (0x00007f8ba40b21e0):  JavaThread "JVMCI-native CompilerThread0" daemon [_thread_in_vm, id=1547, stack(0x00007f8ba8848000,0x00007f8ba8a48000)]


Current CompileTask:
JVMCI-native:1503656 7600       4       java.util.RegularEnumSet::contains (57 bytes)

Stack: [0x00007f8ba8848000,0x00007f8ba8a48000],  sp=0x00007f8ba8a46380,  free space=2040k
Native frames: (J=compiled Java code, j=interpreted, Vv=VM code, C=native code)
V  [libjvm.so+0x972714]  JVMCIRuntime::fatal_exception(JVMCIEnv*, char const*)+0x74
V  [libjvm.so+0x93e2fe]  JVMCIEnv::copy_saved_properties()+0x14e
V  [libjvm.so+0x9732a9]  JVMCIRuntime::initialize(JVMCIEnv*)+0xb19
V  [libjvm.so+0x9738a2]  JVMCIRuntime::get_HotSpotJVMCIRuntime(JVMCIEnv*)+0x12
V  [libjvm.so+0x9749f2]  JVMCIRuntime::compile_method(JVMCIEnv*, JVMCICompiler*, methodHandle const&, int)+0xd2
V  [libjvm.so+0x5b0d20]  CompileBroker::invoke_compiler_on_method(CompileTask*)+0x1470
V  [libjvm.so+0x5b12e8]  CompileBroker::compiler_thread_loop()+0x528
V  [libjvm.so+0xd82460]  JavaThread::thread_main_inner()+0xd0
V  [libjvm.so+0xd85a40]  Thread::call_run()+0xc0
V  [libjvm.so+0xbdb1e1]  thread_native_entry(Thread*)+0xe1

Register to memory mapping:

RAX=0x00007f8bab96a000 points into unknown readable memory: 0x0000000000000058 | 58 00 00 00 00 00 00 00
RBX=0x00007f8baca65398: <offset 0x0000000000ef5398> in /nix/store/gpxl5qgg8kicmcvivwmybwjlpf7wh20l-graalvm17-ce-22.3.0/lib/server/libjvm.so at 0x00007f8babb70000
RCX=0x00007f8baca1d1e8: <offset 0x0000000000ead1e8> in /nix/store/gpxl5qgg8kicmcvivwmybwjlpf7wh20l-graalvm17-ce-22.3.0/lib/server/libjvm.so at 0x00007f8babb70000
RDX=0x0000000000000649 is an unknown value
RSP=0x00007f8ba8a46380 is pointing into the stack for thread: 0x00007f8ba40b21e0
RBP=0x00007f8ba8a463a0 is pointing into the stack for thread: 0x00007f8ba40b21e0
RSI=0x00007f8baca65c48: <offset 0x0000000000ef5c48> in /nix/store/gpxl5qgg8kicmcvivwmybwjlpf7wh20l-graalvm17-ce-22.3.0/lib/server/libjvm.so at 0x00007f8babb70000
RDI=0x00000000e0000000 is an oop: [B 
{0x00000000e0000000} - klass: {type array byte}
 - length: 42
R8 =0x00007f8baca65398: <offset 0x0000000000ef5398> in /nix/store/gpxl5qgg8kicmcvivwmybwjlpf7wh20l-graalvm17-ce-22.3.0/lib/server/libjvm.so at 0x00007f8babb70000
R9 =0x0000000000000003 is an unknown value
R10=0x00007f8bacdb6da0: <offset 0x0000000001246da0> in /nix/store/gpxl5qgg8kicmcvivwmybwjlpf7wh20l-graalvm17-ce-22.3.0/lib/server/libjvm.so at 0x00007f8babb70000
R11=0x000000080044f048 is pointing into metadata
R12=0x0 is NULL
R13=0x00007f8ba40b21e0 is a thread
R14=0x00007f8ba4000b80 points into unknown readable memory: 0x00007f8bacc96a38 | 38 6a c9 ac 8b 7f 00 00
R15=0x00007f8bacda4e40: <offset 0x0000000001234e40> in /nix/store/gpxl5qgg8kicmcvivwmybwjlpf7wh20l-graalvm17-ce-22.3.0/lib/server/libjvm.so at 0x00007f8babb70000


Registers:
RAX=0x00007f8bab96a000, RBX=0x00007f8baca65398, RCX=0x00007f8baca1d1e8, RDX=0x0000000000000649
RSP=0x00007f8ba8a46380, RBP=0x00007f8ba8a463a0, RSI=0x00007f8baca65c48, RDI=0x00000000e0000000
R8 =0x00007f8baca65398, R9 =0x0000000000000003, R10=0x00007f8bacdb6da0, R11=0x000000080044f048
R12=0x0000000000000000, R13=0x00007f8ba40b21e0, R14=0x00007f8ba4000b80, R15=0x00007f8bacda4e40
RIP=0x00007f8bac4e2714, EFLAGS=0x0000000000010206, CSGSFS=0x002b000000000033, ERR=0x0000000000000006
  TRAPNO=0x000000000000000e

Top of Stack: (sp=0x00007f8ba8a46380)
0x00007f8ba8a46380:   00007f8ba8a46940 00007f8ba40b21e0
0x00007f8ba8a46390:   00007f8baa2fb8c8 0000000800c417a0
0x00007f8ba8a463a0:   00007f8ba8a46500 00007f8bac4ae2fe
0x00007f8ba8a463b0:   00007f8ba8a463e0 00007f8ba8a46440 

Instructions: (pc=0x00007f8bac4e2714)
0x00007f8bac4e2614:   30 e8 f6 cf e8 ff 4c 89 e7 e8 2e 48 d1 ff 84 db
0x00007f8bac4e2624:   75 2a 4d 85 ed 74 04 4d 8b 6d 00 48 83 c4 08 44
0x00007f8bac4e2634:   89 f9 4c 89 f2 4c 89 ee 5b 4c 89 e7 41 5c 41 5d
0x00007f8bac4e2644:   41 5e 41 5f 5d e9 e2 47 d1 ff 66 90 48 83 c4 08
0x00007f8bac4e2654:   5b 41 5c 41 5d 41 5e 41 5f 5d c3 90 31 d2 be 08
0x00007f8bac4e2664:   00 00 00 4c 89 ff e8 b1 78 a3 ff 49 89 c5 e9 37
0x00007f8bac4e2674:   ff ff ff 66 0f 1f 84 00 00 00 00 00 48 8b 7a 08
0x00007f8bac4e2684:   e9 6d ff ff ff 0f 1f 80 00 00 00 00 e8 5b 48 0a
0x00007f8bac4e2694:   00 84 c0 75 89 e9 6a ff ff ff 66 90 55 48 89 e5
0x00007f8bac4e26a4:   41 56 41 55 41 54 49 89 fc 53 48 89 f3 66 48 8d
0x00007f8bac4e26b4:   3d 27 5e 85 00 66 66 48 e8 df 43 8d ff 4c 8b 28
0x00007f8bac4e26c4:   8b 05 be 72 8a 00 85 c0 75 14 ba 01 00 00 00 48
0x00007f8bac4e26d4:   8d 0d ae 72 8a 00 f0 0f b1 11 85 c0 74 4e be c8
0x00007f8bac4e26e4:   00 00 00 4c 89 ef e8 01 0b 41 00 48 8d 05 12 ac
0x00007f8bac4e26f4:   85 00 49 89 d8 48 8d 0d e8 aa 53 00 ba 49 06 00
0x00007f8bac4e2704:   00 48 8d 35 3c 35 58 00 bf 00 00 00 e0 48 8b 00
0x00007f8bac4e2714:   c6 00 58 31 c0 e8 e2 91 c6 ff 5b 41 5c 41 5d 41
0x00007f8bac4e2724:   5e 5d e9 55 34 26 00 0f 1f 44 00 00 48 8d 05 81
0x00007f8bac4e2734:   a3 8b 00 48 89 df 4c 8b 30 e8 9e 43 8d ff 48 89
0x00007f8bac4e2744:   de 48 89 c2 49 8b 06 4c 89 f7 ff 50 08 4c 89 f7
0x00007f8bac4e2754:   e8 a7 5c 27 00 4d 85 e4 74 12 be 01 00 00 00 4c
0x00007f8bac4e2764:   89 e7 e8 35 43 fc ff eb 82 0f 1f 00 be 01 00 00
0x00007f8bac4e2774:   00 4c 89 ef e8 d3 fd ff ff e9 6d ff ff ff 66 66
0x00007f8bac4e2784:   2e 0f 1f 84 00 00 00 00 00 0f 1f 00 55 48 89 e5
0x00007f8bac4e2794:   41 57 41 56 41 55 41 54 53 48 81 ec 08 02 00 00
0x00007f8bac4e27a4:   64 48 8b 04 25 28 00 00 00 48 89 45 c8 8b 07 83
0x00007f8bac4e27b4:   f8 02 0f 84 11 04 00 00 4c 8b 6f 18 49 89 ff 49
0x00007f8bac4e27c4:   89 f4 4d 85 ed 74 14 4c 89 ef e8 5d 57 22 00 41
0x00007f8bac4e27d4:   8b 07 83 f8 02 0f 84 19 04 00 00 48 8d 1d 9a 06
0x00007f8bac4e27e4:   8a 00 4c 8d 35 0b 3c 58 00 eb 38 90 48 85 d2 7f
0x00007f8bac4e27f4:   0d 48 8d 05 b4 c0 85 00 48 83 38 00 7e 0e 41 8b
0x00007f8bac4e2804:   77 2c 4c 89 f7 31 c0 e8 a0 b2 f7 ff 49 8b 7f 18 


Stack slot to memory mapping:
stack at sp + 0 slots: 0x00007f8ba8a46940 is pointing into the stack for thread: 0x00007f8ba40b21e0
stack at sp + 1 slots: 0x00007f8ba40b21e0 is a thread
stack at sp + 2 slots: 0x00007f8baa2fb8c8 points into unknown readable memory: 0x65730018052dffff | ff ff 2d 05 18 00 73 65
stack at sp + 3 slots: 0x0000000800c417a0 is a pointer to class: 
jdk.vm.ci.services.Services {0x0000000800c417a0}
 - instance size:     2
 - klass size:        65
 - access:            public final synchronized 
 - state:             fully_initialized
 - name:              'jdk/vm/ci/services/Services'
 - super:             'java/lang/Object'
 - sub:               
 - arrays:            NULL
 - methods:           Array<T>(0x00007f8ba9445670)
 - method ordering:   Array<T>(0x0000000800928960)
 - default_methods:   Array<T>(0x0000000000000000)
 - local interfaces:  Array<T>(0x00000008005ce810)
 - trans. interfaces: Array<T>(0x00000008005ce810)
 - constants:         constant pool [427] {0x00007f8ba94441d8} for 'jdk/vm/ci/services/Services' cache=0x00007f8ba9446c08
 - class loader data:  loader data: 0x00007f8ba40283f0 of 'bootstrap'
 - source file:       'Services.java'
 - class annotations:       Array<T>(0x0000000000000000)
 - class type annotations:  Array<T>(0x0000000000000000)
 - field annotations:       Array<T>(0x0000000000000000)
 - field type annotations:  Array<T>(0x0000000000000000)
 - inner classes:     Array<T>(0x00007f8ba9446910)
 - nest members:     Array<T>(0x00007f8ba9446930)
 - permitted subclasses:     Array<T>(0x00000008005ce7a0)
 - java mirror:       a 'java/lang/Class'{0x00000000e02a5a78} = 'jdk/vm/ci/services/Services'
 - vtable length      5  (start addr: 0x0000000800c41970)
 - itable length      2 (start addr: 0x0000000800c41998)
 - ---- static fields (3 words):
 - public static final 'IS_BUILDING_NATIVE_IMAGE' 'Z' @128 
 - public static final 'IS_IN_NATIVE_IMAGE' 'Z' @129 
 - private static volatile 'savedProperties' 'Ljava/util/Map;' @112 
 - static final 'JVMCI_ENABLED' 'Z' @130 
 - private static final 'servicesCache' 'Ljava/util/Map;' @116 
 - private static final 'MAX_UNICODE_IN_UTF8_LENGTH' 'I' @120 
 - private static final 'MAX_UTF8_PROPERTY_STRING_LENGTH' 'I' @124 
 - ---- non-static fields (0 words):
 - non-static oop maps: 
stack at sp + 4 slots: 0x00007f8ba8a46500 is pointing into the stack for thread: 0x00007f8ba40b21e0
stack at sp + 5 slots: 0x00007f8bac4ae2fe: <offset 0x000000000093e2fe> in /nix/store/gpxl5qgg8kicmcvivwmybwjlpf7wh20l-graalvm17-ce-22.3.0/lib/server/libjvm.so at 0x00007f8babb70000
stack at sp + 6 slots: 0x00007f8ba8a463e0 is pointing into the stack for thread: 0x00007f8ba40b21e0
stack at sp + 7 slots: 0x00007f8ba8a46440 is pointing into the stack for thread: 0x00007f8ba40b21e0


---------------  P R O C E S S  ---------------

Threads class SMR info:
_java_thread_list=0x00007f8b3408fea0, length=32, elements={
0x00007f8ba4026690, 0x00007f8ba40a64d0, 0x00007f8ba40a7910, 0x00007f8ba40ae050,
0x00007f8ba40af400, 0x00007f8ba40b07f0, 0x00007f8ba40b21e0, 0x00007f8ba40b36f0,
0x00007f8ba40b4b40, 0x00007f8ba40d7740, 0x00007f8ba411f960, 0x00007f8ba42e4430,
0x00007f8ba431d500, 0x00007f8ba432f4c0, 0x00007f8b3c02fbf0, 0x00007f8b3c4057d0,
0x00007f8b2c0010d0, 0x00007f8b30000ff0, 0x00007f8b3c62dfb0, 0x00007f8b3c6f1580,
0x00007f8ba4361ec0, 0x00007f8ba43f69b0, 0x00007f8b3000a3b0, 0x00007f8b341f7690,
0x00007f8b34089af0, 0x00007f8b3408c720, 0x00007f8b242f7280, 0x00007f8b3408aec0,
0x00007f8b3408cca0, 0x00007f8b3408d340, 0x00007f8b3408e2a0, 0x00007f8b3408f020
}

Java Threads: ( => current thread )
  0x00007f8ba4026690 JavaThread "main" [_thread_blocked, id=1539, stack(0x00007f8bab98b000,0x00007f8baba8b000)]
  0x00007f8ba40a64d0 JavaThread "Reference Handler" daemon [_thread_blocked, id=1542, stack(0x00007f8ba912e000,0x00007f8ba922e000)]
  0x00007f8ba40a7910 JavaThread "Finalizer" daemon [_thread_blocked, id=1543, stack(0x00007f8ba902e000,0x00007f8ba912e000)]
  0x00007f8ba40ae050 JavaThread "Signal Dispatcher" daemon [_thread_blocked, id=1544, stack(0x00007f8ba8c48000,0x00007f8ba8d48000)]
  0x00007f8ba40af400 JavaThread "Service Thread" daemon [_thread_blocked, id=1545, stack(0x00007f8ba8b48000,0x00007f8ba8c48000)]
  0x00007f8ba40b07f0 JavaThread "Monitor Deflation Thread" daemon [_thread_blocked, id=1546, stack(0x00007f8ba8a48000,0x00007f8ba8b48000)]
=>0x00007f8ba40b21e0 JavaThread "JVMCI-native CompilerThread0" daemon [_thread_in_vm, id=1547, stack(0x00007f8ba8848000,0x00007f8ba8a48000)]
  0x00007f8ba40b36f0 JavaThread "C1 CompilerThread0" daemon [_thread_blocked, id=1548, stack(0x00007f8ba8648000,0x00007f8ba8848000)]
  0x00007f8ba40b4b40 JavaThread "Sweeper thread" daemon [_thread_blocked, id=1549, stack(0x00007f8ba8548000,0x00007f8ba8648000)]
  0x00007f8ba40d7740 JavaThread "Common-Cleaner" daemon [_thread_blocked, id=1550, stack(0x00007f8ba8448000,0x00007f8ba8548000)]
  0x00007f8ba411f960 JavaThread "Notification Thread" daemon [_thread_blocked, id=1552, stack(0x00007f8ba8348000,0x00007f8ba8448000)]
  0x00007f8ba42e4430 JavaThread "Active Thread: Equinox Container: 2b4b18e1-a4f2-44b0-9e0a-bf6c82439892" [_thread_blocked, id=1556, stack(0x00007f8ba8000000,0x00007f8ba8100000)]
  0x00007f8ba431d500 JavaThread "Framework Event Dispatcher: Equinox Container: 2b4b18e1-a4f2-44b0-9e0a-bf6c82439892" daemon [_thread_blocked, id=1557, stack(0x00007f8b8b3b3000,0x00007f8b8b4b3000)]
  0x00007f8ba432f4c0 JavaThread "Start Level: Equinox Container: 2b4b18e1-a4f2-44b0-9e0a-bf6c82439892" daemon [_thread_blocked, id=1558, stack(0x00007f8b88f00000,0x00007f8b89000000)]
  0x00007f8b3c02fbf0 JavaThread "SCR Component Actor" daemon [_thread_blocked, id=1559, stack(0x00007f8b88d00000,0x00007f8b88e00000)]
  0x00007f8b3c4057d0 JavaThread "Worker-JM" [_thread_blocked, id=1561, stack(0x00007f8b88900000,0x00007f8b88a00000)]
  0x00007f8b2c0010d0 JavaThread "Worker-1: Compacting resource model" [_thread_blocked, id=1563, stack(0x00007f8b88500000,0x00007f8b88600000)]
  0x00007f8b30000ff0 JavaThread "Worker-2: Periodic workspace save." [_thread_blocked, id=1564, stack(0x00007f8b88300000,0x00007f8b88400000)]
  0x00007f8b3c62dfb0 JavaThread "Java indexing" daemon [_thread_blocked, id=1565, stack(0x00007f8b88100000,0x00007f8b88200000)]
  0x00007f8b3c6f1580 JavaThread "Bundle File Closer" daemon [_thread_blocked, id=1566, stack(0x00007f8b88000000,0x00007f8b88100000)]
  0x00007f8ba4361ec0 JavaThread "pool-3-thread-1" [_thread_blocked, id=1567, stack(0x00007f8b52d00000,0x00007f8b52e00000)]
  0x00007f8ba43f69b0 JavaThread "pool-2-thread-1" [_thread_in_native, id=1568, stack(0x00007f8b88b00000,0x00007f8b88c00000)]
  0x00007f8b3000a3b0 JavaThread "Worker-3: Java indexing... " [_thread_blocked, id=1569, stack(0x00007f8b52b00000,0x00007f8b52c00000)]
  0x00007f8b341f7690 JavaThread "Thread-2" [_thread_blocked, id=1611, stack(0x00007f8b52700000,0x00007f8b52800000)]
  0x00007f8b34089af0 JavaThread "Thread-3" [_thread_blocked, id=1625, stack(0x00007f8b88700000,0x00007f8b88800000)]
  0x00007f8b3408c720 JavaThread "Thread-5" [_thread_blocked, id=1627, stack(0x00007f8b52500000,0x00007f8b52600000)]
  0x00007f8b242f7280 JavaThread "Worker-5" [_thread_blocked, id=1628, stack(0x00007f8b52900000,0x00007f8b52a00000)]
  0x00007f8b3408aec0 JavaThread "Thread-6" [_thread_blocked, id=1640, stack(0x00007f8ba8146000,0x00007f8ba8246000)]
  0x00007f8b3408cca0 JavaThread "Thread-7" [_thread_blocked, id=1641, stack(0x00007f8b88e00000,0x00007f8b88f00000)]
  0x00007f8b3408d340 JavaThread "Thread-8" [_thread_blocked, id=1642, stack(0x00007f8b88c00000,0x00007f8b88d00000)]
  0x00007f8b3408e2a0 JavaThread "Thread-9" [_thread_blocked, id=1746, stack(0x00007f8b88a00000,0x00007f8b88b00000)]
  0x00007f8b3408f020 JavaThread "Thread-10" [_thread_blocked, id=1747, stack(0x00007f8b88800000,0x00007f8b88900000)]

Other Threads:
  0x00007f8ba40a1c10 VMThread "VM Thread" [stack: 0x00007f8ba9230000,0x00007f8ba9330000] [id=1541] _threads_hazard_ptr=0x00007f8b3408fea0
  0x00007f8ba4121300 WatcherThread [stack: 0x00007f8ba8248000,0x00007f8ba8348000] [id=1553]
  0x00007f8ba403df30 GCTaskThread "GC Thread#0" [stack: 0x00007f8bab54e000,0x00007f8bab64e000] [id=1540]

Threads with active compile tasks:
JVMCI-native CompilerThread0  1503673 7600       4       java.util.RegularEnumSet::contains (57 bytes)

VM state: synchronizing (normal execution)

VM Mutex/Monitor currently owned by a thread:  ([mutex/lock_event])
[0x00007f8ba4023840] Threads_lock - owner thread: 0x00007f8ba40a1c10
[0x00007f8ba4023ff0] Heap_lock - owner thread: 0x00007f8b3408d340

OutOfMemory and StackOverflow Exception counts:
OutOfMemoryError java_heap_errors=1
LinkageErrors=45

Heap address: 0x00000000e0000000, size: 512 MB, Compressed Oops mode: 32-bit

CDS archive(s) mapped at: [0x0000000800000000-0x0000000800bc8000-0x0000000800bc8000), size 12353536, SharedBaseAddress: 0x0000000800000000, ArchiveRelocationMode: 0.
Compressed class space mapped at: 0x0000000800c00000-0x0000000840c00000, reserved size: 1073741824
Narrow klass base: 0x0000000800000000, Narrow klass shift: 0, Narrow klass range: 0x100000000

GC Precious Log:
 CPUs: 8 total, 1 available
 Memory: 1024M
 Large Page Support: Disabled
 NUMA Support: Disabled
 Compressed Oops: Enabled (32-bit)
 Alignments: Space 512K, Generation 512K, Heap 2M
 Heap Min Capacity: 100M
 Heap Initial Capacity: 100M
 Heap Max Capacity: 512M
 Pre-touch: Disabled
 Parallel Workers: 1

Heap:
 PSYoungGen      total 70144K, used 41984K [0x00000000f5580000, 0x00000000fbd80000, 0x0000000100000000)
  eden space 41984K, 100% used [0x00000000f5580000,0x00000000f7e80000,0x00000000f7e80000)
  from space 28160K, 0% used [0x00000000fa200000,0x00000000fa200000,0x00000000fbd80000)
  to   space 14848K, 0% used [0x00000000f7e80000,0x00000000f7e80000,0x00000000f8d00000)
 ParOldGen       total 349696K, used 349695K [0x00000000e0000000, 0x00000000f5580000, 0x00000000f5580000)
  object space 349696K, 99% used [0x00000000e0000000,0x00000000f557fce0,0x00000000f5580000)
 Metaspace       used 50628K, committed 51328K, reserved 1097728K
  class space    used 4913K, committed 5248K, reserved 1048576K

Card table byte_map: [0x00007f8bab64e000,0x00007f8bab74f000] _byte_map_base: 0x00007f8baaf4e000

Marking Bits: (ParMarkBitMap*) 0x00007f8bacd9e4c0
 Begin Bits: [0x00007f8baa4a1000, 0x00007f8baaca1000)
 End Bits:   [0x00007f8baaca1000, 0x00007f8bab4a1000)

Polling page: 0x00007f8bab968000

Metaspace:

Usage:
  Non-class:     44.64 MB used.
      Class:      4.80 MB used.
       Both:     49.44 MB used.

Virtual space:
  Non-class space:       48.00 MB reserved,      45.00 MB ( 94%) committed,  6 nodes.
      Class space:        1.00 GB reserved,       5.12 MB ( <1%) committed,  1 nodes.
             Both:        1.05 GB reserved,      50.12 MB (  5%) committed. 

Chunk freelists:
   Non-Class:  2.13 MB
       Class:  2.90 MB
        Both:  5.03 MB

MaxMetaspaceSize: unlimited
CompressedClassSpaceSize: 1.00 GB
Initial GC threshold: 21.00 MB
Current GC threshold: 83.38 MB
CDS: on
MetaspaceReclaimPolicy: balanced
 - commit_granule_bytes: 65536.
 - commit_granule_words: 8192.
 - virtual_space_node_default_size: 1048576.
 - enlarge_chunks_in_place: 1.
 - new_chunks_are_fully_committed: 0.
 - uncommit_free_chunks: 1.
 - use_allocation_guard: 0.
 - handle_deallocations: 1.


Internal statistics:

num_allocs_failed_limit: 6.
num_arena_births: 332.
num_arena_deaths: 60.
num_vsnodes_births: 7.
num_vsnodes_deaths: 0.
num_space_committed: 801.
num_space_uncommitted: 0.
num_chunks_returned_to_freelist: 80.
num_chunks_taken_from_freelist: 2401.
num_chunk_merges: 31.
num_chunk_splits: 1565.
num_chunks_enlarged: 1006.
num_purges: 8.
num_inconsistent_stats: 0.

CodeHeap 'non-profiled nmethods': size=120036Kb used=2526Kb max_used=2526Kb free=117509Kb
 bounds [0x00007f8b92f7a000, 0x00007f8b931fa000, 0x00007f8b9a4b3000]
CodeHeap 'profiled nmethods': size=120032Kb used=12635Kb max_used=14314Kb free=107396Kb
 bounds [0x00007f8b8ba42000, 0x00007f8b8c8a2000, 0x00007f8b92f7a000]
CodeHeap 'non-nmethods': size=5692Kb used=1351Kb max_used=1355Kb free=4340Kb
 bounds [0x00007f8b8b4b3000, 0x00007f8b8b723000, 0x00007f8b8ba42000]
 total_blobs=6441 nmethods=5754 adapters=571
 compilation: enabled
              stopped_count=0, restarted_count=0
 full_count=0

JVMCI Events (20 events):
Event: 1257.846 Thread 0x00007f8ba40b21e0 detached from JVMCI runtime 0
Event: 1346.479 Thread 0x00007f8ba40b21e0 attached to JVMCI runtime 0
Event: 1346.481 Thread 0x00007f8ba40b21e0 created JavaVM[10]@0x00007f8b51f9e340 for JVMCI runtime 0
Event: 1347.971 Thread 0x00007f8ba40b21e0 initializing JVMCI runtime 0
Event: 1347.971 Thread 0x00007f8ba40b21e0 done waiting for JavaVM references initialization in JVMCI runtime 0
Event: 1385.337 Thread 0x00007f8ba40b21e0 initialized JVMCI runtime 0
Event: 1404.758 Thread 0x00007f8ba40b21e0 compacted oop handles in JVMCI runtime 0 from 79 to 73
Event: 1404.758 Thread 0x00007f8ba40b21e0 compacted oop handles in JVMCI runtime 0 from 74 to 59
Event: 1418.593 Thread 0x00007f8ba40b21e0 compacted oop handles in JVMCI runtime 0 from 68 to 67
Event: 1420.141 Thread 0x00007f8ba40b21e0 detaching from JVMCI runtime 0: releasing idle compiler thread (0 other threads still attached)
Event: 1420.141 Thread 0x00007f8ba40b21e0 shutting down HotSpotJVMCIRuntime for JVMCI runtime 0
Event: 1420.141 Thread 0x00007f8ba40b21e0 shut down JVMCI runtime 0
Event: 1420.145 Thread 0x00007f8ba40b21e0 destroyed JavaVM[10]@0x00007f8b51f9e340 for JVMCI runtime 0
Event: 1420.145 Thread 0x00007f8ba40b21e0 compacted oop handles in JVMCI runtime 0 from 67 to 67
Event: 1420.145 Thread 0x00007f8ba40b21e0 releasing handles for JVMCI runtime 0: oop handles=67, metadata handles={total=192, live=167, blocks=30}
Event: 1420.145 Thread 0x00007f8ba40b21e0 detached from JVMCI runtime 0
Event: 1427.877 Thread 0x00007f8ba40b21e0 attached to JVMCI runtime 0
Event: 1427.878 Thread 0x00007f8ba40b21e0 created JavaVM[11]@0x00007f8b51f9e340 for JVMCI runtime 0
Event: 1427.878 Thread 0x00007f8ba40b21e0 initializing JVMCI runtime 0
Event: 1427.878 Thread 0x00007f8ba40b21e0 done waiting for JavaVM references initialization in JVMCI runtime 0

Compilation events (20 events):
Event: 1346.479 Thread 0x00007f8ba40b36f0 nmethod 7591 0x00007f8b8c438410 code [0x00007f8b8c4385e0, 0x00007f8b8c438910]
Event: 1346.479 Thread 0x00007f8ba40b21e0 7592       4       org.eclipse.jdt.internal.compiler.parser.Scanner::getNextToken (179 bytes)
Event: 1374.872 Thread 0x00007f8ba40b36f0 7595       3       org.eclipse.jdt.internal.codeassist.select.SelectionParser::consumeToken (226 bytes)
Event: 1376.913 Thread 0x00007f8ba40b36f0 nmethod 7595 0x00007f8b8c14a890 code [0x00007f8b8c14ab40, 0x00007f8b8c14d2c0]
Event: 1376.913 Thread 0x00007f8ba40b36f0 7596       3       org.eclipse.jdt.internal.codeassist.impl.AssistParser::consumeToken (324 bytes)
Event: 1376.914 Thread 0x00007f8ba40b36f0 nmethod 7596 0x00007f8b8c138d90 code [0x00007f8b8c139080, 0x00007f8b8c13c060]
Event: 1381.006 Thread 0x00007f8ba40b36f0 7597       3       java.util.concurrent.locks.LockSupport::parkNanos (29 bytes)
Event: 1382.441 Thread 0x00007f8ba40b36f0 nmethod 7597 0x00007f8b8bff4310 code [0x00007f8b8bff44e0, 0x00007f8b8bff46e0]
Event: 1404.758 Thread 0x00007f8ba40b21e0 nmethod 7592 0x00007f8b931ee090 code [0x00007f8b931ee240, 0x00007f8b931ee740]
Event: 1404.758 Thread 0x00007f8ba40b21e0 7593 %     4       java.io.DataOutputStream::writeUTF @ 10 (411 bytes)
Event: 1409.369 Thread 0x00007f8ba40b21e0 nmethod 7593% 0x00007f8b931ef010 code [0x00007f8b931ef1c0, 0x00007f8b931efb90]
Event: 1409.369 Thread 0x00007f8ba40b21e0 7594       4       org.eclipse.jdt.internal.compiler.ast.CompilationUnitDeclaration::getMainTypeName (85 bytes)
Event: 1418.593 Thread 0x00007f8ba40b21e0 nmethod 7594 0x00007f8b931f0090 code [0x00007f8b931f0360, 0x00007f8b931f0e88]
Event: 1426.351 Thread 0x00007f8ba40b36f0 7599       3       java.util.regex.Pattern$BranchConn::study (5 bytes)
Event: 1426.352 Thread 0x00007f8ba40b36f0 nmethod 7599 0x00007f8b8c454490 code [0x00007f8b8c454620, 0x00007f8b8c454730]
Event: 1427.877 Thread 0x00007f8ba40b21e0 7600       4       java.util.RegularEnumSet::contains (57 bytes)
Event: 1456.980 Thread 0x00007f8ba40b36f0 7601       3       java.io.File::getParentFile (41 bytes)
Event: 1456.980 Thread 0x00007f8ba40b36f0 nmethod 7601 0x00007f8b8c630a90 code [0x00007f8b8c630c60, 0x00007f8b8c631030]
Event: 1483.705 Thread 0x00007f8ba40b36f0 7604       1       jdk.xml.internal.XMLSecurityManager$Limit::systemProperty (5 bytes)
Event: 1483.705 Thread 0x00007f8ba40b36f0 nmethod 7604 0x00007f8b931f1690 code [0x00007f8b931f1820, 0x00007f8b931f18f0]

GC Heap History (20 events):
Event: 1489.466 GC heap before
{Heap before GC invocations=1057 (full 982):
 PSYoungGen      total 70144K, used 41984K [0x00000000f5580000, 0x00000000fbd80000, 0x0000000100000000)
  eden space 41984K, 100% used [0x00000000f5580000,0x00000000f7e80000,0x00000000f7e80000)
  from space 28160K, 0% used [0x00000000fa200000,0x00000000fa200000,0x00000000fbd80000)
  to   space 14848K, 0% used [0x00000000f7e80000,0x00000000f7e80000,0x00000000f8d00000)
 ParOldGen       total 349696K, used 349694K [0x00000000e0000000, 0x00000000f5580000, 0x00000000f5580000)
  object space 349696K, 99% used [0x00000000e0000000,0x00000000f557fbd8,0x00000000f5580000)
 Metaspace       used 50628K, committed 51328K, reserved 1097728K
  class space    used 4913K, committed 5248K, reserved 1048576K
}
Event: 1490.870 GC heap after
{Heap after GC invocations=1057 (full 982):
 PSYoungGen      total 56832K, used 41983K [0x00000000f5580000, 0x00000000fbd80000, 0x0000000100000000)
  eden space 41984K, 99% used [0x00000000f5580000,0x00000000f7e7ffe0,0x00000000f7e80000)
  from space 14848K, 0% used [0x00000000f7e80000,0x00000000f7e80000,0x00000000f8d00000)
  to   space 28160K, 0% used [0x00000000fa200000,0x00000000fa200000,0x00000000fbd80000)
 ParOldGen       total 349696K, used 349694K [0x00000000e0000000, 0x00000000f5580000, 0x00000000f5580000)
  object space 349696K, 99% used [0x00000000e0000000,0x00000000f557fbd8,0x00000000f5580000)
 Metaspace       used 50628K, committed 51328K, reserved 1097728K
  class space    used 4913K, committed 5248K, reserved 1048576K
}
Event: 1490.870 GC heap before
{Heap before GC invocations=1058 (full 983):
 PSYoungGen      total 56832K, used 41984K [0x00000000f5580000, 0x00000000fbd80000, 0x0000000100000000)
  eden space 41984K, 100% used [0x00000000f5580000,0x00000000f7e80000,0x00000000f7e80000)
  from space 14848K, 0% used [0x00000000f7e80000,0x00000000f7e80000,0x00000000f8d00000)
  to   space 28160K, 0% used [0x00000000fa200000,0x00000000fa200000,0x00000000fbd80000)
 ParOldGen       total 349696K, used 349694K [0x00000000e0000000, 0x00000000f5580000, 0x00000000f5580000)
  object space 349696K, 99% used [0x00000000e0000000,0x00000000f557fbd8,0x00000000f5580000)
 Metaspace       used 50628K, committed 51328K, reserved 1097728K
  class space    used 4913K, committed 5248K, reserved 1048576K
}
Event: 1492.262 GC heap after
{Heap after GC invocations=1058 (full 983):
 PSYoungGen      total 70144K, used 41983K [0x00000000f5580000, 0x00000000fbd80000, 0x0000000100000000)
  eden space 41984K, 99% used [0x00000000f5580000,0x00000000f7e7ffe0,0x00000000f7e80000)
  from space 28160K, 0% used [0x00000000fa200000,0x00000000fa200000,0x00000000fbd80000)
  to   space 14848K, 0% used [0x00000000f7e80000,0x00000000f7e80000,0x00000000f8d00000)
 ParOldGen       total 349696K, used 349694K [0x00000000e0000000, 0x00000000f5580000, 0x00000000f5580000)
  object space 349696K, 99% used [0x00000000e0000000,0x00000000f557fbd8,0x00000000f5580000)
 Metaspace       used 50628K, committed 51328K, reserved 1097728K
  class space    used 4913K, committed 5248K, reserved 1048576K
}
Event: 1492.262 GC heap before
{Heap before GC invocations=1059 (full 984):
 PSYoungGen      total 70144K, used 41984K [0x00000000f5580000, 0x00000000fbd80000, 0x0000000100000000)
  eden space 41984K, 100% used [0x00000000f5580000,0x00000000f7e80000,0x00000000f7e80000)
  from space 28160K, 0% used [0x00000000fa200000,0x00000000fa200000,0x00000000fbd80000)
  to   space 14848K, 0% used [0x00000000f7e80000,0x00000000f7e80000,0x00000000f8d00000)
 ParOldGen       total 349696K, used 349694K [0x00000000e0000000, 0x00000000f5580000, 0x00000000f5580000)
  object space 349696K, 99% used [0x00000000e0000000,0x00000000f557fbd8,0x00000000f5580000)
 Metaspace       used 50628K, committed 51328K, reserved 1097728K
  class space    used 4913K, committed 5248K, reserved 1048576K
}
Event: 1493.759 GC heap after
{Heap after GC invocations=1059 (full 984):
 PSYoungGen      total 56832K, used 41984K [0x00000000f5580000, 0x00000000fbd80000, 0x0000000100000000)
  eden space 41984K, 100% used [0x00000000f5580000,0x00000000f7e80000,0x00000000f7e80000)
  from space 14848K, 0% used [0x00000000f7e80000,0x00000000f7e80000,0x00000000f8d00000)
  to   space 28160K, 0% used [0x00000000fa200000,0x00000000fa200000,0x00000000fbd80000)
 ParOldGen       total 349696K, used 349694K [0x00000000e0000000, 0x00000000f5580000, 0x00000000f5580000)
  object space 349696K, 99% used [0x00000000e0000000,0x00000000f557fbd8,0x00000000f5580000)
 Metaspace       used 50628K, committed 51328K, reserved 1097728K
  class space    used 4913K, committed 5248K, reserved 1048576K
}
Event: 1493.759 GC heap before
{Heap before GC invocations=1060 (full 985):
 PSYoungGen      total 56832K, used 41984K [0x00000000f5580000, 0x00000000fbd80000, 0x0000000100000000)
  eden space 41984K, 100% used [0x00000000f5580000,0x00000000f7e80000,0x00000000f7e80000)
  from space 14848K, 0% used [0x00000000f7e80000,0x00000000f7e80000,0x00000000f8d00000)
  to   space 28160K, 0% used [0x00000000fa200000,0x00000000fa200000,0x00000000fbd80000)
 ParOldGen       total 349696K, used 349696K [0x00000000e0000000, 0x00000000f5580000, 0x00000000f5580000)
  object space 349696K, 100% used [0x00000000e0000000,0x00000000f5580000,0x00000000f5580000)
 Metaspace       used 50628K, committed 51328K, reserved 1097728K
  class space    used 4913K, committed 5248K, reserved 1048576K
}
Event: 1495.145 GC heap after
{Heap after GC invocations=1060 (full 985):
 PSYoungGen      total 70144K, used 41983K [0x00000000f5580000, 0x00000000fbd80000, 0x0000000100000000)
  eden space 41984K, 99% used [0x00000000f5580000,0x00000000f7e7ff50,0x00000000f7e80000)
  from space 28160K, 0% used [0x00000000fa200000,0x00000000fa200000,0x00000000fbd80000)
  to   space 14848K, 0% used [0x00000000f7e80000,0x00000000f7e80000,0x00000000f8d00000)
 ParOldGen       total 349696K, used 349695K [0x00000000e0000000, 0x00000000f5580000, 0x00000000f5580000)
  object space 349696K, 99% used [0x00000000e0000000,0x00000000f557fc58,0x00000000f5580000)
 Metaspace       used 50628K, committed 51328K, reserved 1097728K
  class space    used 4913K, committed 5248K, reserved 1048576K
}
Event: 1495.145 GC heap before
{Heap before GC invocations=1061 (full 986):
 PSYoungGen      total 70144K, used 41983K [0x00000000f5580000, 0x00000000fbd80000, 0x0000000100000000)
  eden space 41984K, 99% used [0x00000000f5580000,0x00000000f7e7ffe0,0x00000000f7e80000)
  from space 28160K, 0% used [0x00000000fa200000,0x00000000fa200000,0x00000000fbd80000)
  to   space 14848K, 0% used [0x00000000f7e80000,0x00000000f7e80000,0x00000000f8d00000)
 ParOldGen       total 349696K, used 349695K [0x00000000e0000000, 0x00000000f5580000, 0x00000000f5580000)
  object space 349696K, 99% used [0x00000000e0000000,0x00000000f557fc58,0x00000000f5580000)
 Metaspace       used 50628K, committed 51328K, reserved 1097728K
  class space    used 4913K, committed 5248K, reserved 1048576K
}
Event: 1496.624 GC heap after
{Heap after GC invocations=1061 (full 986):
 PSYoungGen      total 56832K, used 41983K [0x00000000f5580000, 0x00000000fbd80000, 0x0000000100000000)
  eden space 41984K, 99% used [0x00000000f5580000,0x00000000f7e7ffc0,0x00000000f7e80000)
  from space 14848K, 0% used [0x00000000f7e80000,0x00000000f7e80000,0x00000000f8d00000)
  to   space 28160K, 0% used [0x00000000fa200000,0x00000000fa200000,0x00000000fbd80000)
 ParOldGen       total 349696K, used 349694K [0x00000000e0000000, 0x00000000f5580000, 0x00000000f5580000)
  object space 349696K, 99% used [0x00000000e0000000,0x00000000f557fbd8,0x00000000f5580000)
 Metaspace       used 50628K, committed 51328K, reserved 1097728K
  class space    used 4913K, committed 5248K, reserved 1048576K
}
Event: 1496.626 GC heap before
{Heap before GC invocations=1062 (full 987):
 PSYoungGen      total 56832K, used 41983K [0x00000000f5580000, 0x00000000fbd80000, 0x0000000100000000)
  eden space 41984K, 99% used [0x00000000f5580000,0x00000000f7e7fff8,0x00000000f7e80000)
  from space 14848K, 0% used [0x00000000f7e80000,0x00000000f7e80000,0x00000000f8d00000)
  to   space 28160K, 0% used [0x00000000fa200000,0x00000000fa200000,0x00000000fbd80000)
 ParOldGen       total 349696K, used 349694K [0x00000000e0000000, 0x00000000f5580000, 0x00000000f5580000)
  object space 349696K, 99% used [0x00000000e0000000,0x00000000f557fbd8,0x00000000f5580000)
 Metaspace       used 50628K, committed 51328K, reserved 1097728K
  class space    used 4913K, committed 5248K, reserved 1048576K
}
Event: 1498.052 GC heap after
{Heap after GC invocations=1062 (full 987):
 PSYoungGen      total 70144K, used 41983K [0x00000000f5580000, 0x00000000fbd80000, 0x0000000100000000)
  eden space 41984K, 99% used [0x00000000f5580000,0x00000000f7e7ffd8,0x00000000f7e80000)
  from space 28160K, 0% used [0x00000000fa200000,0x00000000fa200000,0x00000000fbd80000)
  to   space 14848K, 0% used [0x00000000f7e80000,0x00000000f7e80000,0x00000000f8d00000)
 ParOldGen       total 349696K, used 349694K [0x00000000e0000000, 0x00000000f5580000, 0x00000000f5580000)
  object space 349696K, 99% used [0x00000000e0000000,0x00000000f557fbd8,0x00000000f5580000)
 Metaspace       used 50628K, committed 51328K, reserved 1097728K
  class space    used 4913K, committed 5248K, reserved 1048576K
}
Event: 1498.059 GC heap before
{Heap before GC invocations=1063 (full 988):
 PSYoungGen      total 70144K, used 41983K [0x00000000f5580000, 0x00000000fbd80000, 0x0000000100000000)
  eden space 41984K, 99% used [0x00000000f5580000,0x00000000f7e7ffe8,0x00000000f7e80000)
  from space 28160K, 0% used [0x00000000fa200000,0x00000000fa200000,0x00000000fbd80000)
  to   space 14848K, 0% used [0x00000000f7e80000,0x00000000f7e80000,0x00000000f8d00000)
 ParOldGen       total 349696K, used 349694K [0x00000000e0000000, 0x00000000f5580000, 0x00000000f5580000)
  object space 349696K, 99% used [0x00000000e0000000,0x00000000f557fbd8,0x00000000f5580000)
 Metaspace       used 50628K, committed 51328K, reserved 1097728K
  class space    used 4913K, committed 5248K, reserved 1048576K
}
Event: 1499.387 GC heap after
{Heap after GC invocations=1063 (full 988):
 PSYoungGen      total 56832K, used 41983K [0x00000000f5580000, 0x00000000fbd80000, 0x0000000100000000)
  eden space 41984K, 99% used [0x00000000f5580000,0x00000000f7e7ff78,0x00000000f7e80000)
  from space 14848K, 0% used [0x00000000f7e80000,0x00000000f7e80000,0x00000000f8d00000)
  to   space 28160K, 0% used [0x00000000fa200000,0x00000000fa200000,0x00000000fbd80000)
 ParOldGen       total 349696K, used 349694K [0x00000000e0000000, 0x00000000f5580000, 0x00000000f5580000)
  object space 349696K, 99% used [0x00000000e0000000,0x00000000f557fbd8,0x00000000f5580000)
 Metaspace       used 50628K, committed 51328K, reserved 1097728K
  class space    used 4913K, committed 5248K, reserved 1048576K
}
Event: 1499.387 GC heap before
{Heap before GC invocations=1064 (full 989):
 PSYoungGen      total 56832K, used 41983K [0x00000000f5580000, 0x00000000fbd80000, 0x0000000100000000)
  eden space 41984K, 99% used [0x00000000f5580000,0x00000000f7e7ffe8,0x00000000f7e80000)
  from space 14848K, 0% used [0x00000000f7e80000,0x00000000f7e80000,0x00000000f8d00000)
  to   space 28160K, 0% used [0x00000000fa200000,0x00000000fa200000,0x00000000fbd80000)
 ParOldGen       total 349696K, used 349694K [0x00000000e0000000, 0x00000000f5580000, 0x00000000f5580000)
  object space 349696K, 99% used [0x00000000e0000000,0x00000000f557fbd8,0x00000000f5580000)
 Metaspace       used 50628K, committed 51328K, reserved 1097728K
  class space    used 4913K, committed 5248K, reserved 1048576K
}
Event: 1500.752 GC heap after
{Heap after GC invocations=1064 (full 989):
 PSYoungGen      total 70144K, used 41983K [0x00000000f5580000, 0x00000000fbd80000, 0x0000000100000000)
  eden space 41984K, 99% used [0x00000000f5580000,0x00000000f7e7ffe8,0x00000000f7e80000)
  from space 28160K, 0% used [0x00000000fa200000,0x00000000fa200000,0x00000000fbd80000)
  to   space 14848K, 0% used [0x00000000f7e80000,0x00000000f7e80000,0x00000000f8d00000)
 ParOldGen       total 349696K, used 349694K [0x00000000e0000000, 0x00000000f5580000, 0x00000000f5580000)
  object space 349696K, 99% used [0x00000000e0000000,0x00000000f557fbd8,0x00000000f5580000)
 Metaspace       used 50628K, committed 51328K, reserved 1097728K
  class space    used 4913K, committed 5248K, reserved 1048576K
}
Event: 1500.752 GC heap before
{Heap before GC invocations=1065 (full 990):
 PSYoungGen      total 70144K, used 41983K [0x00000000f5580000, 0x00000000fbd80000, 0x0000000100000000)
  eden space 41984K, 99% used [0x00000000f5580000,0x00000000f7e7fff8,0x00000000f7e80000)
  from space 28160K, 0% used [0x00000000fa200000,0x00000000fa200000,0x00000000fbd80000)
  to   space 14848K, 0% used [0x00000000f7e80000,0x00000000f7e80000,0x00000000f8d00000)
 ParOldGen       total 349696K, used 349695K [0x00000000e0000000, 0x00000000f5580000, 0x00000000f5580000)
  object space 349696K, 99% used [0x00000000e0000000,0x00000000f557ff28,0x00000000f5580000)
 Metaspace       used 50628K, committed 51328K, reserved 1097728K
  class space    used 4913K, committed 5248K, reserved 1048576K
}
Event: 1502.186 GC heap after
{Heap after GC invocations=1065 (full 990):
 PSYoungGen      total 56832K, used 41983K [0x00000000f5580000, 0x00000000fbd80000, 0x0000000100000000)
  eden space 41984K, 99% used [0x00000000f5580000,0x00000000f7e7ffe8,0x00000000f7e80000)
  from space 14848K, 0% used [0x00000000f7e80000,0x00000000f7e80000,0x00000000f8d00000)
  to   space 28160K, 0% used [0x00000000fa200000,0x00000000fa200000,0x00000000fbd80000)
 ParOldGen       total 349696K, used 349695K [0x00000000e0000000, 0x00000000f5580000, 0x00000000f5580000)
  object space 349696K, 99% used [0x00000000e0000000,0x00000000f557fc28,0x00000000f5580000)
 Metaspace       used 50628K, committed 51328K, reserved 1097728K
  class space    used 4913K, committed 5248K, reserved 1048576K
}
Event: 1502.186 GC heap before
{Heap before GC invocations=1066 (full 991):
 PSYoungGen      total 56832K, used 41983K [0x00000000f5580000, 0x00000000fbd80000, 0x0000000100000000)
  eden space 41984K, 99% used [0x00000000f5580000,0x00000000f7e7ffe8,0x00000000f7e80000)
  from space 14848K, 0% used [0x00000000f7e80000,0x00000000f7e80000,0x00000000f8d00000)
  to   space 28160K, 0% used [0x00000000fa200000,0x00000000fa200000,0x00000000fbd80000)
 ParOldGen       total 349696K, used 349695K [0x00000000e0000000, 0x00000000f5580000, 0x00000000f5580000)
  object space 349696K, 99% used [0x00000000e0000000,0x00000000f557fc28,0x00000000f5580000)
 Metaspace       used 50628K, committed 51328K, reserved 1097728K
  class space    used 4913K, committed 5248K, reserved 1048576K
}
Event: 1503.638 GC heap after
{Heap after GC invocations=1066 (full 991):
 PSYoungGen      total 70144K, used 41983K [0x00000000f5580000, 0x00000000fbd80000, 0x0000000100000000)
  eden space 41984K, 99% used [0x00000000f5580000,0x00000000f7e7ffb8,0x00000000f7e80000)
  from space 28160K, 0% used [0x00000000fa200000,0x00000000fa200000,0x00000000fbd80000)
  to   space 14848K, 0% used [0x00000000f7e80000,0x00000000f7e80000,0x00000000f8d00000)
 ParOldGen       total 349696K, used 349694K [0x00000000e0000000, 0x00000000f5580000, 0x00000000f5580000)
  object space 349696K, 99% used [0x00000000e0000000,0x00000000f557fa68,0x00000000f5580000)
 Metaspace       used 50628K, committed 51328K, reserved 1097728K
  class space    used 4913K, committed 5248K, reserved 1048576K
}

Dll operation events (8 events):
Event: 0.002 Loaded shared library /nix/store/gpxl5qgg8kicmcvivwmybwjlpf7wh20l-graalvm17-ce-22.3.0/lib/libjava.so
Event: 0.008 Loaded shared library /nix/store/gpxl5qgg8kicmcvivwmybwjlpf7wh20l-graalvm17-ce-22.3.0/lib/libjsvml.so
Event: 0.247 Loaded shared library /nix/store/gpxl5qgg8kicmcvivwmybwjlpf7wh20l-graalvm17-ce-22.3.0/lib/libnio.so
Event: 0.255 Loaded shared library /nix/store/gpxl5qgg8kicmcvivwmybwjlpf7wh20l-graalvm17-ce-22.3.0/lib/libzip.so
Event: 0.258 Loaded shared library /nix/store/gpxl5qgg8kicmcvivwmybwjlpf7wh20l-graalvm17-ce-22.3.0/lib/libjvmcicompiler.so
Event: 0.655 Loaded shared library /nix/store/gpxl5qgg8kicmcvivwmybwjlpf7wh20l-graalvm17-ce-22.3.0/lib/libjimage.so
Event: 2.469 Loaded shared library /nix/store/gpxl5qgg8kicmcvivwmybwjlpf7wh20l-graalvm17-ce-22.3.0/lib/libnet.so
Event: 4.166 Loaded shared library /home/runner/.cache/jdt-language-server/config/org.eclipse.equinox.launcher/org.eclipse.equinox.launcher.gtk.linux.x86_64_1.2.400.v20211117-0650/eclipse_11600.so

Deoptimization events (20 events):
Event: 142.086 Thread 0x00007f8b34089af0 Uncommon trap: trap_request=0xffffffed fr.pc=0x00007f8b931b18d6 relative=0x0000000000000116
Event: 142.086 Thread 0x00007f8b34089af0 Uncommon trap: reason=null_assert_or_unreached0 action=reinterpret pc=0x00007f8b931b18d6 method=org.eclipse.jdt.core.Signature.appendTypeSignature([CIZLjava/lang/StringBuffer;)I @ 0 jvmci
Event: 142.086 Thread 0x00007f8b34089af0 DEOPT PACKING pc=0x00007f8b931b18d6 sp=0x00007f8b887fe190
Event: 142.086 Thread 0x00007f8b34089af0 DEOPT UNPACKING pc=0x00007f8b8b505325 sp=0x00007f8b887fd648 mode 3
Event: 142.086 Thread 0x00007f8b34089af0 Uncommon trap: trap_request=0xffffffed fr.pc=0x00007f8b93091e0c relative=0x000000000000014c
Event: 142.086 Thread 0x00007f8b34089af0 Uncommon trap: reason=null_assert_or_unreached0 action=reinterpret pc=0x00007f8b93091e0c method=org.eclipse.jdt.core.Signature.appendTypeSignature([CIZLjava/lang/StringBuffer;Z)I @ 0 jvmci
Event: 142.086 Thread 0x00007f8b34089af0 DEOPT PACKING pc=0x00007f8b93091e0c sp=0x00007f8b887fe100
Event: 142.086 Thread 0x00007f8b34089af0 DEOPT UNPACKING pc=0x00007f8b8b505325 sp=0x00007f8b887fd5a8 mode 3
Event: 171.758 Thread 0x00007f8b34089af0 Uncommon trap: trap_request=0xffffffdd fr.pc=0x00007f8b93154590 relative=0x0000000000000910
Event: 171.758 Thread 0x00007f8b34089af0 Uncommon trap: reason=class_check action=reinterpret pc=0x00007f8b93154590 method=java.util.TimSort.binarySort([Ljava/lang/Object;IIILjava/util/Comparator;)V @ 32 jvmci
Event: 171.758 Thread 0x00007f8b34089af0 DEOPT PACKING pc=0x00007f8b93154590 sp=0x00007f8b887fd2d0
Event: 171.758 Thread 0x00007f8b34089af0 DEOPT UNPACKING pc=0x00007f8b8b505325 sp=0x00007f8b887fc7a0 mode 3
Event: 239.737 Thread 0x00007f8b3408c720 Uncommon trap: trap_request=0xffffffed fr.pc=0x00007f8b93028e52 relative=0x00000000000000b2
Event: 239.737 Thread 0x00007f8b3408c720 Uncommon trap: reason=null_assert_or_unreached0 action=reinterpret pc=0x00007f8b93028e52 method=java.util.concurrent.locks.AbstractQueuedSynchronizer.signalNext(Ljava/util/concurrent/locks/AbstractQueuedSynchronizer$Node;)V @ 17 jvmci
Event: 239.737 Thread 0x00007f8b3408c720 DEOPT PACKING pc=0x00007f8b93028e52 sp=0x00007f8b525fd390
Event: 239.737 Thread 0x00007f8b3408c720 DEOPT UNPACKING pc=0x00007f8b8b505325 sp=0x00007f8b525fc820 mode 3
Event: 277.066 Thread 0x00007f8b3408c720 Uncommon trap: trap_request=0xffffffcd fr.pc=0x00007f8b931d899d relative=0x0000000000003a3d
Event: 277.066 Thread 0x00007f8b3408c720 Uncommon trap: reason=intrinsic_or_type_checked_inlining action=reinterpret pc=0x00007f8b931d899d method=org.eclipse.jdt.internal.compiler.lookup.BinaryTypeBinding.createMethod(Lorg/eclipse/jdt/internal/compiler/env/IBinaryMethod;Lorg/eclipse/jdt/internal
Event: 277.066 Thread 0x00007f8b3408c720 DEOPT PACKING pc=0x00007f8b931d899d sp=0x00007f8b525fd780
Event: 277.066 Thread 0x00007f8b3408c720 DEOPT UNPACKING pc=0x00007f8b8b505325 sp=0x00007f8b525fcc88 mode 3

Classes unloaded (20 events):
Event: 139.779 Thread 0x00007f8ba40a1c10 Unloading class 0x0000000800d9cc00 'java/lang/invoke/LambdaForm$MH+0x0000000800d9cc00'
Event: 139.779 Thread 0x00007f8ba40a1c10 Unloading class 0x0000000800d9c800 'java/lang/invoke/LambdaForm$MH+0x0000000800d9c800'
Event: 139.779 Thread 0x00007f8ba40a1c10 Unloading class 0x0000000800d9c400 'java/lang/invoke/LambdaForm$MH+0x0000000800d9c400'
Event: 139.779 Thread 0x00007f8ba40a1c10 Unloading class 0x0000000800d9c000 'jdk/internal/reflect/GeneratedConstructorAccessor3'
Event: 139.779 Thread 0x00007f8ba40a1c10 Unloading class 0x0000000800d91400 'java/lang/invoke/LambdaForm$MH+0x0000000800d91400'
Event: 139.779 Thread 0x00007f8ba40a1c10 Unloading class 0x0000000800d91000 'java/lang/invoke/LambdaForm$MH+0x0000000800d91000'
Event: 139.779 Thread 0x00007f8ba40a1c10 Unloading class 0x0000000800d90c00 'java/lang/invoke/LambdaForm$MH+0x0000000800d90c00'
Event: 139.779 Thread 0x00007f8ba40a1c10 Unloading class 0x0000000800d90800 'java/lang/invoke/LambdaForm$MH+0x0000000800d90800'
Event: 139.779 Thread 0x00007f8ba40a1c10 Unloading class 0x0000000800d90400 'java/lang/invoke/LambdaForm$MH+0x0000000800d90400'
Event: 139.779 Thread 0x00007f8ba40a1c10 Unloading class 0x0000000800d90000 'java/lang/invoke/LambdaForm$MH+0x0000000800d90000'
Event: 139.779 Thread 0x00007f8ba40a1c10 Unloading class 0x0000000800cb2800 'java/lang/invoke/LambdaForm$MH+0x0000000800cb2800'
Event: 139.779 Thread 0x00007f8ba40a1c10 Unloading class 0x0000000800cb2000 'java/lang/invoke/LambdaForm$MH+0x0000000800cb2000'
Event: 139.779 Thread 0x00007f8ba40a1c10 Unloading class 0x0000000800cb1c00 'java/lang/invoke/LambdaForm$MH+0x0000000800cb1c00'
Event: 139.779 Thread 0x00007f8ba40a1c10 Unloading class 0x0000000800cb1800 'java/lang/invoke/LambdaForm$MH+0x0000000800cb1800'
Event: 139.779 Thread 0x00007f8ba40a1c10 Unloading class 0x0000000800cb1000 'java/lang/invoke/LambdaForm$MH+0x0000000800cb1000'
Event: 139.779 Thread 0x00007f8ba40a1c10 Unloading class 0x0000000800cb0c00 'java/lang/invoke/LambdaForm$MH+0x0000000800cb0c00'
Event: 139.779 Thread 0x00007f8ba40a1c10 Unloading class 0x0000000800cb0800 'java/lang/invoke/LambdaForm$MH+0x0000000800cb0800'
Event: 139.779 Thread 0x00007f8ba40a1c10 Unloading class 0x0000000800cb0000 'java/lang/invoke/LambdaForm$MH+0x0000000800cb0000'
Event: 170.662 Thread 0x00007f8ba40a1c10 Unloading class 0x0000000801100000 'jdk/internal/reflect/GeneratedConstructorAccessor24'
Event: 362.656 Thread 0x00007f8ba40a1c10 Unloading class 0x0000000800fdc000 'jdk/internal/reflect/GeneratedConstructorAccessor23'

Classes redefined (0 events):
No events

Internal exceptions (20 events):
Event: 39.738 Thread 0x00007f8b341f7690 Exception <a 'java/lang/ClassCastException'{0x00000000f649eff8}: class org.eclipse.jdt.internal.compiler.lookup.ParameterizedTypeBinding cannot be cast to class org.eclipse.jdt.internal.compiler.lookup.SourceTypeBinding (org.eclipse.jdt.internal.compiler.lookup.ParameterizedTypeBinding and org.eclipse.jdt.internal.compiler.lookup.SourceTypeBinding are in unnamed module of loader org.eclipse.osgi.internal.loader.EquinoxClassLoader @71336c27)> (0x00000000f649eff8) 
thrown [src/hotspot/share/interpreter/inter
Event: 39.739 Thread 0x00007f8b341f7690 Exception <a 'java/lang/ClassCastException'{0x00000000f64a7a18}: class org.eclipse.jdt.internal.compiler.lookup.ParameterizedTypeBinding cannot be cast to class org.eclipse.jdt.internal.compiler.lookup.SourceTypeBinding (org.eclipse.jdt.internal.compiler.lookup.ParameterizedTypeBinding and org.eclipse.jdt.internal.compiler.lookup.SourceTypeBinding are in unnamed module of loader org.eclipse.osgi.internal.loader.EquinoxClassLoader @71336c27)> (0x00000000f64a7a18) 
thrown [src/hotspot/share/interpreter/inter
Event: 40.740 Thread 0x00007f8b341f7690 Exception <a 'java/lang/NoSuchMethodError'{0x00000000f5b75d58}: 'void java.lang.invoke.DirectMethodHandle$Holder.invokeSpecial(java.lang.Object, java.lang.Object, int)'> (0x00000000f5b75d58) 
thrown [src/hotspot/share/interpreter/linkResolver.cpp, line 758]
Event: 41.943 Thread 0x00007f8b341f7690 Exception <a 'java/lang/ClassCastException'{0x00000000f567bc68}: class org.eclipse.jdt.internal.compiler.lookup.ParameterizedTypeBinding cannot be cast to class org.eclipse.jdt.internal.compiler.lookup.SourceTypeBinding (org.eclipse.jdt.internal.compiler.lookup.ParameterizedTypeBinding and org.eclipse.jdt.internal.compiler.lookup.SourceTypeBinding are in unnamed module of loader org.eclipse.osgi.internal.loader.EquinoxClassLoader @71336c27)> (0x00000000f567bc68) 
thrown [src/hotspot/share/interpreter/inter
Event: 41.945 Thread 0x00007f8b341f7690 Exception <a 'java/lang/ClassCastException'{0x00000000f56a0018}: class org.eclipse.jdt.internal.compiler.lookup.ParameterizedTypeBinding cannot be cast to class org.eclipse.jdt.internal.compiler.lookup.SourceTypeBinding (org.eclipse.jdt.internal.compiler.lookup.ParameterizedTypeBinding and org.eclipse.jdt.internal.compiler.lookup.SourceTypeBinding are in unnamed module of loader org.eclipse.osgi.internal.loader.EquinoxClassLoader @71336c27)> (0x00000000f56a0018) 
thrown [src/hotspot/share/interpreter/inter
Event: 41.946 Thread 0x00007f8b341f7690 Exception <a 'java/lang/ClassCastException'{0x00000000f56a4990}: class org.eclipse.jdt.internal.compiler.lookup.ParameterizedTypeBinding cannot be cast to class org.eclipse.jdt.internal.compiler.lookup.SourceTypeBinding (org.eclipse.jdt.internal.compiler.lookup.ParameterizedTypeBinding and org.eclipse.jdt.internal.compiler.lookup.SourceTypeBinding are in unnamed module of loader org.eclipse.osgi.internal.loader.EquinoxClassLoader @71336c27)> (0x00000000f56a4990) 
thrown [src/hotspot/share/interpreter/inter
Event: 41.948 Thread 0x00007f8b341f7690 Exception <a 'java/lang/ClassCastException'{0x00000000f56cdd40}: class org.eclipse.jdt.internal.compiler.lookup.ParameterizedTypeBinding cannot be cast to class org.eclipse.jdt.internal.compiler.lookup.SourceTypeBinding (org.eclipse.jdt.internal.compiler.lookup.ParameterizedTypeBinding and org.eclipse.jdt.internal.compiler.lookup.SourceTypeBinding are in unnamed module of loader org.eclipse.osgi.internal.loader.EquinoxClassLoader @71336c27)> (0x00000000f56cdd40) 
thrown [src/hotspot/share/interpreter/inter
Event: 41.949 Thread 0x00007f8b341f7690 Exception <a 'java/lang/ClassCastException'{0x00000000f56ce8f0}: class org.eclipse.jdt.internal.compiler.lookup.ParameterizedTypeBinding cannot be cast to class org.eclipse.jdt.internal.compiler.lookup.SourceTypeBinding (org.eclipse.jdt.internal.compiler.lookup.ParameterizedTypeBinding and org.eclipse.jdt.internal.compiler.lookup.SourceTypeBinding are in unnamed module of loader org.eclipse.osgi.internal.loader.EquinoxClassLoader @71336c27)> (0x00000000f56ce8f0) 
thrown [src/hotspot/share/interpreter/inter
Event: 41.949 Thread 0x00007f8b341f7690 Exception <a 'java/lang/ClassCastException'{0x00000000f56d4dd8}: class org.eclipse.jdt.internal.compiler.lookup.ParameterizedTypeBinding cannot be cast to class org.eclipse.jdt.internal.compiler.lookup.SourceTypeBinding (org.eclipse.jdt.internal.compiler.lookup.ParameterizedTypeBinding and org.eclipse.jdt.internal.compiler.lookup.SourceTypeBinding are in unnamed module of loader org.eclipse.osgi.internal.loader.EquinoxClassLoader @71336c27)> (0x00000000f56d4dd8) 
thrown [src/hotspot/share/interpreter/inter
Event: 41.965 Thread 0x00007f8b341f7690 Implicit null exception at 0x00007f8b93103353 to 0x00007f8b931039ce
Event: 41.969 Thread 0x00007f8b3c62dfb0 Exception <a 'sun/nio/fs/UnixException'{0x00000000f57393a8}> (0x00000000f57393a8) 
thrown [src/hotspot/share/prims/jni.cpp, line 516]
Event: 43.073 Thread 0x00007f8b3c62dfb0 Implicit null exception at 0x00007f8b93003530 to 0x00007f8b930035d7
Event: 53.454 Thread 0x00007f8b3c62dfb0 Implicit null exception at 0x00007f8b93140952 to 0x00007f8b93143e68
Event: 169.579 Thread 0x00007f8b34089af0 Exception <a 'java/lang/ClassCastException'{0x00000000f7e6b840}: class org.eclipse.jdt.internal.compiler.lookup.ParameterizedTypeBinding cannot be cast to class org.eclipse.jdt.internal.compiler.lookup.SourceTypeBinding (org.eclipse.jdt.internal.compiler.lookup.ParameterizedTypeBinding and org.eclipse.jdt.internal.compiler.lookup.SourceTypeBinding are in unnamed module of loader org.eclipse.osgi.internal.loader.EquinoxClassLoader @71336c27)> (0x00000000f7e6b840) 
thrown [src/hotspot/share/interpreter/inter
Event: 171.697 Thread 0x00007f8b34089af0 Exception <a 'java/lang/ClassCastException'{0x00000000f7e06130}: class org.eclipse.jdt.internal.compiler.lookup.ParameterizedTypeBinding cannot be cast to class org.eclipse.jdt.internal.compiler.lookup.SourceTypeBinding (org.eclipse.jdt.internal.compiler.lookup.ParameterizedTypeBinding and org.eclipse.jdt.internal.compiler.lookup.SourceTypeBinding are in unnamed module of loader org.eclipse.osgi.internal.loader.EquinoxClassLoader @71336c27)> (0x00000000f7e06130) 
thrown [src/hotspot/share/interpreter/inter
Event: 171.697 Thread 0x00007f8b34089af0 Exception <a 'java/lang/ClassCastException'{0x00000000f7e0a988}: class org.eclipse.jdt.internal.compiler.lookup.ParameterizedTypeBinding cannot be cast to class org.eclipse.jdt.internal.compiler.lookup.SourceTypeBinding (org.eclipse.jdt.internal.compiler.lookup.ParameterizedTypeBinding and org.eclipse.jdt.internal.compiler.lookup.SourceTypeBinding are in unnamed module of loader org.eclipse.osgi.internal.loader.EquinoxClassLoader @71336c27)> (0x00000000f7e0a988) 
thrown [src/hotspot/share/interpreter/inter
Event: 171.745 Thread 0x00007f8b34089af0 Exception <a 'java/lang/ClassCastException'{0x00000000f7e43db8}: class org.eclipse.jdt.internal.compiler.lookup.ParameterizedTypeBinding cannot be cast to class org.eclipse.jdt.internal.compiler.lookup.SourceTypeBinding (org.eclipse.jdt.internal.compiler.lookup.ParameterizedTypeBinding and org.eclipse.jdt.internal.compiler.lookup.SourceTypeBinding are in unnamed module of loader org.eclipse.osgi.internal.loader.EquinoxClassLoader @71336c27)> (0x00000000f7e43db8) 
thrown [src/hotspot/share/interpreter/inter
Event: 171.745 Thread 0x00007f8b34089af0 Exception <a 'java/lang/ClassCastException'{0x00000000f7e44bc0}: class org.eclipse.jdt.internal.compiler.lookup.ParameterizedTypeBinding cannot be cast to class org.eclipse.jdt.internal.compiler.lookup.SourceTypeBinding (org.eclipse.jdt.internal.compiler.lookup.ParameterizedTypeBinding and org.eclipse.jdt.internal.compiler.lookup.SourceTypeBinding are in unnamed module of loader org.eclipse.osgi.internal.loader.EquinoxClassLoader @71336c27)> (0x00000000f7e44bc0) 
thrown [src/hotspot/share/interpreter/inter
Event: 171.750 Thread 0x00007f8b34089af0 Exception <a 'java/lang/ClassCastException'{0x00000000f7e53cc0}: class org.eclipse.jdt.internal.compiler.lookup.ParameterizedTypeBinding cannot be cast to class org.eclipse.jdt.internal.compiler.lookup.SourceTypeBinding (org.eclipse.jdt.internal.compiler.lookup.ParameterizedTypeBinding and org.eclipse.jdt.internal.compiler.lookup.SourceTypeBinding are in unnamed module of loader org.eclipse.osgi.internal.loader.EquinoxClassLoader @71336c27)> (0x00000000f7e53cc0) 
thrown [src/hotspot/share/interpreter/inter
Event: 1503.638 Thread 0x00007f8ba40b21e0 Exception <a 'java/lang/OutOfMemoryError'{0x00000000e00bbdc0}> (0x00000000e00bbdc0) 
thrown [src/hotspot/share/gc/shared/memAllocator.cpp, line 136]

VM Operations (20 events):
Event: 1488.072 Executing VM operation: ParallelGCFailedAllocation
Event: 1489.466 Executing VM operation: ParallelGCFailedAllocation done
Event: 1489.466 Executing VM operation: ParallelGCFailedAllocation
Event: 1490.870 Executing VM operation: ParallelGCFailedAllocation done
Event: 1490.870 Executing VM operation: ParallelGCFailedAllocation
Event: 1492.262 Executing VM operation: ParallelGCFailedAllocation done
Event: 1492.262 Executing VM operation: ParallelGCFailedAllocation
Event: 1493.759 Executing VM operation: ParallelGCFailedAllocation done
Event: 1493.759 Executing VM operation: ParallelGCFailedAllocation
Event: 1495.145 Executing VM operation: ParallelGCFailedAllocation done
Event: 1495.145 Executing VM operation: ParallelGCFailedAllocation
Event: 1496.624 Executing VM operation: ParallelGCFailedAllocation done
Event: 1496.624 Executing VM operation: ParallelGCFailedAllocation
Event: 1498.052 Executing VM operation: ParallelGCFailedAllocation done
Event: 1498.052 Executing VM operation: ParallelGCFailedAllocation
Event: 1499.387 Executing VM operation: ParallelGCFailedAllocation done
Event: 1499.387 Executing VM operation: ParallelGCFailedAllocation
Event: 1500.752 Executing VM operation: ParallelGCFailedAllocation done
Event: 1500.752 Executing VM operation: ParallelGCFailedAllocation
Event: 1503.638 Executing VM operation: ParallelGCFailedAllocation done

Events (20 events):
Event: 102.864 Thread 0x00007f8b3c487430 Thread exited: 0x00007f8b3c487430
Event: 140.352 Thread 0x00007f8b34089af0 Thread added: 0x00007f8b34089af0
Event: 140.353 Protecting memory [0x00007f8b88700000,0x00007f8b88704000] with protection modes 0
Event: 210.597 Thread 0x00007f8b3408aec0 Thread added: 0x00007f8b3408aec0
Event: 210.597 Protecting memory [0x00007f8b52900000,0x00007f8b52904000] with protection modes 0
Event: 218.143 Thread 0x00007f8b3408c720 Thread added: 0x00007f8b3408c720
Event: 218.143 Protecting memory [0x00007f8b52500000,0x00007f8b52504000] with protection modes 0
Event: 239.740 Thread 0x00007f8b3408aec0 Thread exited: 0x00007f8b3408aec0
Event: 330.502 Thread 0x00007f8b242f7280 Thread added: 0x00007f8b242f7280
Event: 330.502 Protecting memory [0x00007f8b52900000,0x00007f8b52904000] with protection modes 0
Event: 556.708 Thread 0x00007f8b3408aec0 Thread added: 0x00007f8b3408aec0
Event: 556.708 Protecting memory [0x00007f8ba8146000,0x00007f8ba814a000] with protection modes 0
Event: 616.381 Thread 0x00007f8b3408cca0 Thread added: 0x00007f8b3408cca0
Event: 616.381 Protecting memory [0x00007f8b88e00000,0x00007f8b88e04000] with protection modes 0
Event: 724.981 Thread 0x00007f8b3408d340 Thread added: 0x00007f8b3408d340
Event: 724.981 Protecting memory [0x00007f8b88c00000,0x00007f8b88c04000] with protection modes 0
Event: 1133.787 Thread 0x00007f8b3408e2a0 Thread added: 0x00007f8b3408e2a0
Event: 1133.787 Protecting memory [0x00007f8b88a00000,0x00007f8b88a04000] with protection modes 0
Event: 1277.941 Thread 0x00007f8b3408f020 Thread added: 0x00007f8b3408f020
Event: 1277.941 Protecting memory [0x00007f8b88800000,0x00007f8b88804000] with protection modes 0


Dynamic libraries:
e0000000-f5580000 rw-p 00000000 00:00 0 
f5580000-fbd80000 rw-p 00000000 00:00 0 
fbd80000-100000000 ---p 00000000 00:00 0 
800000000-800449000 rw-p 00001000 00:7de 9223372037562745673             /nix/store/gpxl5qgg8kicmcvivwmybwjlpf7wh20l-graalvm17-ce-22.3.0/lib/server/classes.jsa
800449000-800bc8000 r--p 0044a000 00:7de 9223372037562745673             /nix/store/gpxl5qgg8kicmcvivwmybwjlpf7wh20l-graalvm17-ce-22.3.0/lib/server/classes.jsa
800bc8000-800c00000 ---p 00000000 00:00 0 
800c00000-800c20000 rw-p 00000000 00:00 0 
800c20000-800c40000 rw-p 00000000 00:00 0 
800c40000-800cc0000 rw-p 00000000 00:00 0 
800cc0000-800d00000 rw-p 00000000 00:00 0 
800d00000-800dc0000 rw-p 00000000 00:00 0 
800dc0000-800e00000 rw-p 00000000 00:00 0 
800e00000-801120000 rw-p 00000000 00:00 0 
801120000-840c00000 ---p 00000000 00:00 0 
55f6793e3000-55f6793e4000 r-xp 00000000 00:7de 9223372037526805748       /nix/store/gpxl5qgg8kicmcvivwmybwjlpf7wh20l-graalvm17-ce-22.3.0/bin/.java-wrapped
55f6793e5000-55f6793e6000 r--p 00001000 00:7de 9223372037526805748       /nix/store/gpxl5qgg8kicmcvivwmybwjlpf7wh20l-graalvm17-ce-22.3.0/bin/.java-wrapped
55f6793e6000-55f6793e7000 rw-p 00002000 00:7de 9223372037526805748       /nix/store/gpxl5qgg8kicmcvivwmybwjlpf7wh20l-graalvm17-ce-22.3.0/bin/.java-wrapped
55f6793e7000-55f6793e8000 rw-p 00004000 00:7de 9223372037526805748       /nix/store/gpxl5qgg8kicmcvivwmybwjlpf7wh20l-graalvm17-ce-22.3.0/bin/.java-wrapped
55f6793e8000-55f6793e9000 rw-p 00005000 00:7de 9223372037526805748       /nix/store/gpxl5qgg8kicmcvivwmybwjlpf7wh20l-graalvm17-ce-22.3.0/bin/.java-wrapped
55f679dc9000-55f679e11000 rw-p 00000000 00:00 0                          [heap]
7f8aec000000-7f8aec021000 rw-p 00000000 00:00 0 
7f8aec021000-7f8af0000000 ---p 00000000 00:00 0 
7f8af0000000-7f8af0021000 rw-p 00000000 00:00 0 
7f8af0021000-7f8af4000000 ---p 00000000 00:00 0 
7f8af4000000-7f8af4021000 rw-p 00000000 00:00 0 
7f8af4021000-7f8af8000000 ---p 00000000 00:00 0 
7f8af8000000-7f8af8021000 rw-p 00000000 00:00 0 
7f8af8021000-7f8afc000000 ---p 00000000 00:00 0 
7f8afc000000-7f8afc021000 rw-p 00000000 00:00 0 
7f8afc021000-7f8b00000000 ---p 00000000 00:00 0 
7f8b024b3000-7f8b0c000000 r--s 00000000 00:7de 9223372037562580485       /nix/store/gpxl5qgg8kicmcvivwmybwjlpf7wh20l-graalvm17-ce-22.3.0/lib/modules
7f8b0c000000-7f8b0c036000 rw-p 00000000 00:00 0 
7f8b0c036000-7f8b10000000 ---p 00000000 00:00 0 
7f8b10000000-7f8b1016c000 rw-p 00000000 00:00 0 
7f8b1016c000-7f8b14000000 ---p 00000000 00:00 0 
7f8b14000000-7f8b14021000 rw-p 00000000 00:00 0 
7f8b14021000-7f8b18000000 ---p 00000000 00:00 0 
7f8b18000000-7f8b180ac000 rw-p 00000000 00:00 0 
7f8b180ac000-7f8b1c000000 ---p 00000000 00:00 0 
7f8b1c000000-7f8b1c021000 rw-p 00000000 00:00 0 
7f8b1c021000-7f8b20000000 ---p 00000000 00:00 0 
7f8b21000000-7f8b214e0000 rw-p 00000000 00:00 0 
7f8b214e0000-7f8b21500000 ---p 00000000 00:00 0 
7f8b21500000-7f8b21520000 rw-p 00000000 00:00 0 
7f8b21520000-7f8b21800000 ---p 00000000 00:00 0 
7f8b21800000-7f8b218e0000 rw-p 00000000 00:00 0 
7f8b218e0000-7f8b21b80000 rw-p 00000000 00:00 0 
7f8b21b80000-7f8b21c00000 rw-p 00000000 00:00 0 
7f8b21c00000-7f8b22000000 rw-p 00000000 00:00 0 
7f8b22000000-7f8b22800000 rw-p 00000000 00:00 0 
7f8b22800000-7f8b22900000 rw-p 00000000 00:00 0 
7f8b22900000-7f8b22f00000 rw-p 00000000 00:00 0 
7f8b22f00000-7f8b23000000 rw-p 00000000 00:00 0 
7f8b24000000-7f8b24304000 rw-p 00000000 00:00 0 
7f8b24304000-7f8b28000000 ---p 00000000 00:00 0 
7f8b28000000-7f8b2802c000 rw-p 00000000 00:00 0 
7f8b2802c000-7f8b2c000000 ---p 00000000 00:00 0 
7f8b2c000000-7f8b2c054000 rw-p 00000000 00:00 0 
7f8b2c054000-7f8b30000000 ---p 00000000 00:00 0 
7f8b30000000-7f8b30163000 rw-p 00000000 00:00 0 
7f8b30163000-7f8b34000000 ---p 00000000 00:00 0 
7f8b34000000-7f8b34228000 rw-p 00000000 00:00 0 
7f8b34228000-7f8b38000000 ---p 00000000 00:00 0 
7f8b38000000-7f8b38021000 rw-p 00000000 00:00 0 
7f8b38021000-7f8b3c000000 ---p 00000000 00:00 0 
7f8b3c000000-7f8b3c8b2000 rw-p 00000000 00:00 0 
7f8b3c8b2000-7f8b40000000 ---p 00000000 00:00 0 
7f8b40000000-7f8b40021000 rw-p 00000000 00:00 0 
7f8b40021000-7f8b44000000 ---p 00000000 00:00 0 
7f8b44000000-7f8b44021000 rw-p 00000000 00:00 0 
7f8b44021000-7f8b48000000 ---p 00000000 00:00 0 
7f8b48000000-7f8b48021000 rw-p 00000000 00:00 0 
7f8b48021000-7f8b4c000000 ---p 00000000 00:00 0 
7f8b4c000000-7f8b4c021000 rw-p 00000000 00:00 0 
7f8b4c021000-7f8b50000000 ---p 00000000 00:00 0 
7f8b50000000-7f8b50100000 rw-p 00000000 00:00 0 
7f8b50100000-7f8b50200000 rw-p 00000000 00:00 0 
7f8b50200000-7f8b50760000 rw-p 00000000 00:00 0 
7f8b50760000-7f8b50780000 rw-p 00000000 00:00 0 
7f8b50780000-7f8b50800000 rw-p 00000000 00:00 0 
7f8b50800000-7f8b50810000 r-xp 00000000 00:7d2 355                       /home/runner/.cache/jdt-language-server/config/org.eclipse.equinox.launcher/org.eclipse.equinox.launcher.gtk.linux.x86_64_1.2.400.v20211117-0650/eclipse_11600.so
7f8b50810000-7f8b50a0f000 ---p 00010000 00:7d2 355                       /home/runner/.cache/jdt-language-server/config/org.eclipse.equinox.launcher/org.eclipse.equinox.launcher.gtk.linux.x86_64_1.2.400.v20211117-0650/eclipse_11600.so
7f8b50a0f000-7f8b50a10000 r--p 0000f000 00:7d2 355                       /home/runner/.cache/jdt-language-server/config/org.eclipse.equinox.launcher/org.eclipse.equinox.launcher.gtk.linux.x86_64_1.2.400.v20211117-0650/eclipse_11600.so
7f8b50a10000-7f8b50a11000 rw-p 00010000 00:7d2 355                       /home/runner/.cache/jdt-language-server/config/org.eclipse.equinox.launcher/org.eclipse.equinox.launcher.gtk.linux.x86_64_1.2.400.v20211117-0650/eclipse_11600.so
7f8b50a89000-7f8b50c00000 rw-p 00000000 00:00 0 
7f8b51300000-7f8b51400000 ---p 00000000 00:00 0 
7f8b51400000-7f8b519af000 r--p 01122000 00:7de 9223372037562577944       /nix/store/gpxl5qgg8kicmcvivwmybwjlpf7wh20l-graalvm17-ce-22.3.0/lib/libjvmcicompiler.so
7f8b519af000-7f8b51b00000 r--p 00000000 00:00 0 
7f8b51b00000-7f8b51b3d000 rw-p 00000000 00:00 0 
7f8b51b3d000-7f8b5205d000 rw-p 0185f000 00:7de 9223372037562577944       /nix/store/gpxl5qgg8kicmcvivwmybwjlpf7wh20l-graalvm17-ce-22.3.0/lib/libjvmcicompiler.so
7f8b5205d000-7f8b52444000 r--p 01d7f000 00:7de 9223372037562577944       /nix/store/gpxl5qgg8kicmcvivwmybwjlpf7wh20l-graalvm17-ce-22.3.0/lib/libjvmcicompiler.so
7f8b52500000-7f8b52504000 ---p 00000000 00:00 0 
7f8b52504000-7f8b52600000 rw-p 00000000 00:00 0 
7f8b52700000-7f8b52704000 ---p 00000000 00:00 0 
7f8b52704000-7f8b52800000 rw-p 00000000 00:00 0 
7f8b52900000-7f8b52904000 ---p 00000000 00:00 0 
7f8b52904000-7f8b52a00000 rw-p 00000000 00:00 0 
7f8b52b00000-7f8b52b04000 ---p 00000000 00:00 0 
7f8b52b04000-7f8b52c00000 rw-p 00000000 00:00 0 
7f8b52d00000-7f8b52d04000 ---p 00000000 00:00 0 
7f8b52d04000-7f8b52e00000 rw-p 00000000 00:00 0 
7f8b53a68000-7f8b53f00000 rw-p 00000000 00:00 0 
7f8b54000000-7f8b54021000 rw-p 00000000 00:00 0 
7f8b54021000-7f8b58000000 ---p 00000000 00:00 0 
7f8b58000000-7f8b58021000 rw-p 00000000 00:00 0 
7f8b58021000-7f8b5c000000 ---p 00000000 00:00 0 
7f8b5c000000-7f8b5c081000 rw-p 00000000 00:00 0 
7f8b5c081000-7f8b60000000 ---p 00000000 00:00 0 
7f8b60000000-7f8b60021000 rw-p 00000000 00:00 0 
7f8b60021000-7f8b64000000 ---p 00000000 00:00 0 
7f8b64000000-7f8b640dc000 rw-p 00000000 00:00 0 
7f8b640dc000-7f8b68000000 ---p 00000000 00:00 0 
7f8b68000000-7f8b689bb000 rw-p 00000000 00:00 0 
7f8b689bb000-7f8b6c000000 ---p 00000000 00:00 0 
7f8b6c000000-7f8b6c021000 rw-p 00000000 00:00 0 
7f8b6c021000-7f8b70000000 ---p 00000000 00:00 0 
7f8b70000000-7f8b70021000 rw-p 00000000 00:00 0 
7f8b70021000-7f8b74000000 ---p 00000000 00:00 0 
7f8b74000000-7f8b74021000 rw-p 00000000 00:00 0 
7f8b74021000-7f8b78000000 ---p 00000000 00:00 0 
7f8b78000000-7f8b78021000 rw-p 00000000 00:00 0 
7f8b78021000-7f8b7c000000 ---p 00000000 00:00 0 
7f8b7c000000-7f8b7c021000 rw-p 00000000 00:00 0 
7f8b7c021000-7f8b80000000 ---p 00000000 00:00 0 
7f8b80000000-7f8b80021000 rw-p 00000000 00:00 0 
7f8b80021000-7f8b84000000 ---p 00000000 00:00 0 
7f8b84000000-7f8b84084000 rw-p 00000000 00:00 0 
7f8b84084000-7f8b88000000 ---p 00000000 00:00 0 
7f8b88000000-7f8b88004000 ---p 00000000 00:00 0 
7f8b88004000-7f8b88100000 rw-p 00000000 00:00 0 
7f8b88100000-7f8b88104000 ---p 00000000 00:00 0 
7f8b88104000-7f8b88200000 rw-p 00000000 00:00 0 
7f8b88300000-7f8b88304000 ---p 00000000 00:00 0 
7f8b88304000-7f8b88400000 rw-p 00000000 00:00 0 
7f8b88500000-7f8b88504000 ---p 00000000 00:00 0 
7f8b88504000-7f8b88600000 rw-p 00000000 00:00 0 
7f8b88700000-7f8b88704000 ---p 00000000 00:00 0 
7f8b88704000-7f8b88800000 rw-p 00000000 00:00 0 
7f8b88800000-7f8b88804000 ---p 00000000 00:00 0 
7f8b88804000-7f8b88900000 rw-p 00000000 00:00 0 
7f8b88900000-7f8b88904000 ---p 00000000 00:00 0 
7f8b88904000-7f8b88a00000 rw-p 00000000 00:00 0 
7f8b88a00000-7f8b88a04000 ---p 00000000 00:00 0 
7f8b88a04000-7f8b88b00000 rw-p 00000000 00:00 0 
7f8b88b00000-7f8b88b04000 ---p 00000000 00:00 0 
7f8b88b04000-7f8b88c00000 rw-p 00000000 00:00 0 
7f8b88c00000-7f8b88c04000 ---p 00000000 00:00 0 
7f8b88c04000-7f8b88d00000 rw-p 00000000 00:00 0 
7f8b88d00000-7f8b88d04000 ---p 00000000 00:00 0 
7f8b88d04000-7f8b88e00000 rw-p 00000000 00:00 0 
7f8b88e00000-7f8b88e04000 ---p 00000000 00:00 0 
7f8b88e04000-7f8b88f00000 rw-p 00000000 00:00 0 
7f8b88f00000-7f8b88f04000 ---p 00000000 00:00 0 
7f8b88f04000-7f8b89000000 rw-p 00000000 00:00 0 
7f8b89000000-7f8b8b16a000 r-xp 00000000 00:7de 9223372037562577944       /nix/store/gpxl5qgg8kicmcvivwmybwjlpf7wh20l-graalvm17-ce-22.3.0/lib/libjvmcicompiler.so
7f8b8b16a000-7f8b8b369000 ---p 0216a000 00:7de 9223372037562577944       /nix/store/gpxl5qgg8kicmcvivwmybwjlpf7wh20l-graalvm17-ce-22.3.0/lib/libjvmcicompiler.so
7f8b8b369000-7f8b8b36a000 r--p 02169000 00:7de 9223372037562577944       /nix/store/gpxl5qgg8kicmcvivwmybwjlpf7wh20l-graalvm17-ce-22.3.0/lib/libjvmcicompiler.so
7f8b8b36a000-7f8b8b36c000 rw-p 0216a000 00:7de 9223372037562577944       /nix/store/gpxl5qgg8kicmcvivwmybwjlpf7wh20l-graalvm17-ce-22.3.0/lib/libjvmcicompiler.so
7f8b8b36c000-7f8b8b36d000 rw-p 00000000 00:00 0 
7f8b8b36d000-7f8b8b372000 rw-p 023c3000 00:7de 9223372037562577944       /nix/store/gpxl5qgg8kicmcvivwmybwjlpf7wh20l-graalvm17-ce-22.3.0/lib/libjvmcicompiler.so
7f8b8b3b3000-7f8b8b3b7000 ---p 00000000 00:00 0 
7f8b8b3b7000-7f8b8b4b3000 rw-p 00000000 00:00 0 
7f8b8b4b3000-7f8b8b723000 rwxp 00000000 00:00 0 
7f8b8b723000-7f8b8ba42000 ---p 00000000 00:00 0 
7f8b8ba42000-7f8b8c8a2000 rwxp 00000000 00:00 0 
7f8b8c8a2000-7f8b92f7a000 ---p 00000000 00:00 0 
7f8b92f7a000-7f8b931fa000 rwxp 00000000 00:00 0 
7f8b931fa000-7f8b9a4b3000 ---p 00000000 00:00 0 
7f8b9a4b3000-7f8ba4000000 r--s 00000000 00:7de 9223372037562580485       /nix/store/gpxl5qgg8kicmcvivwmybwjlpf7wh20l-graalvm17-ce-22.3.0/lib/modules
7f8ba4000000-7f8ba43fe000 rw-p 00000000 00:00 0 
7f8ba43fe000-7f8ba8000000 ---p 00000000 00:00 0 
7f8ba8000000-7f8ba8004000 ---p 00000000 00:00 0 
7f8ba8004000-7f8ba8100000 rw-p 00000000 00:00 0 
7f8ba8146000-7f8ba814a000 ---p 00000000 00:00 0 
7f8ba814a000-7f8ba8246000 rw-p 00000000 00:00 0 
7f8ba8246000-7f8ba8247000 ---p 00000000 00:00 0 
7f8ba8247000-7f8ba8348000 rw-p 00000000 00:00 0 
7f8ba8348000-7f8ba834c000 ---p 00000000 00:00 0 
7f8ba834c000-7f8ba8448000 rw-p 00000000 00:00 0 
7f8ba8448000-7f8ba844c000 ---p 00000000 00:00 0 
7f8ba844c000-7f8ba8548000 rw-p 00000000 00:00 0 
7f8ba8548000-7f8ba854c000 ---p 00000000 00:00 0 
7f8ba854c000-7f8ba8648000 rw-p 00000000 00:00 0 
7f8ba8648000-7f8ba864c000 ---p 00000000 00:00 0 
7f8ba864c000-7f8ba8848000 rw-p 00000000 00:00 0 
7f8ba8848000-7f8ba884c000 ---p 00000000 00:00 0 
7f8ba884c000-7f8ba8a48000 rw-p 00000000 00:00 0 
7f8ba8a48000-7f8ba8a4c000 ---p 00000000 00:00 0 
7f8ba8a4c000-7f8ba8b48000 rw-p 00000000 00:00 0 
7f8ba8b48000-7f8ba8b4c000 ---p 00000000 00:00 0 
7f8ba8b4c000-7f8ba8c48000 rw-p 00000000 00:00 0 
7f8ba8c48000-7f8ba8c4c000 ---p 00000000 00:00 0 
7f8ba8c4c000-7f8ba8d48000 rw-p 00000000 00:00 0 
7f8ba8d48000-7f8ba902e000 r--p 00000000 00:703 28444448                  /usr/lib/locale/locale-archive
7f8ba902e000-7f8ba9032000 ---p 00000000 00:00 0 
7f8ba9032000-7f8ba912e000 rw-p 00000000 00:00 0 
7f8ba912e000-7f8ba9132000 ---p 00000000 00:00 0 
7f8ba9132000-7f8ba922e000 rw-p 00000000 00:00 0 
7f8ba922e000-7f8ba922f000 ---p 00000000 00:00 0 
7f8ba922f000-7f8ba9330000 rw-p 00000000 00:00 0 
7f8ba9330000-7f8ba93fe000 r-xp 00000000 00:7de 9223372037562577940       /nix/store/gpxl5qgg8kicmcvivwmybwjlpf7wh20l-graalvm17-ce-22.3.0/lib/libjsvml.so
7f8ba93fe000-7f8ba93ff000 r--p 000cd000 00:7de 9223372037562577940       /nix/store/gpxl5qgg8kicmcvivwmybwjlpf7wh20l-graalvm17-ce-22.3.0/lib/libjsvml.so
7f8ba93ff000-7f8ba9400000 rw-p 000ce000 00:7de 9223372037562577940       /nix/store/gpxl5qgg8kicmcvivwmybwjlpf7wh20l-graalvm17-ce-22.3.0/lib/libjsvml.so
7f8ba9400000-7f8ba9800000 rw-p 00000000 00:00 0 
7f8ba9800000-7f8ba9b00000 rw-p 00000000 00:00 0 
7f8ba9b00000-7f8ba9c00000 rw-p 00000000 00:00 0 
7f8ba9c11000-7f8ba9c15000 ---p 00000000 00:00 0 
7f8ba9c15000-7f8ba9c33000 rw-p 00000000 00:00 0 
7f8ba9c33000-7f8ba9c3a000 r-xp 00000000 00:7de 9223372037562580484       /nix/store/gpxl5qgg8kicmcvivwmybwjlpf7wh20l-graalvm17-ce-22.3.0/lib/libzip.so
7f8ba9c3a000-7f8ba9c3b000 ---p 00007000 00:7de 9223372037562580484       /nix/store/gpxl5qgg8kicmcvivwmybwjlpf7wh20l-graalvm17-ce-22.3.0/lib/libzip.so
7f8ba9c3b000-7f8ba9c3c000 r--p 00007000 00:7de 9223372037562580484       /nix/store/gpxl5qgg8kicmcvivwmybwjlpf7wh20l-graalvm17-ce-22.3.0/lib/libzip.so
7f8ba9c3c000-7f8ba9c3d000 rw-p 00008000 00:7de 9223372037562580484       /nix/store/gpxl5qgg8kicmcvivwmybwjlpf7wh20l-graalvm17-ce-22.3.0/lib/libzip.so
7f8ba9c3d000-7f8ba9c3f000 rw-p 0000b000 00:7de 9223372037562580484       /nix/store/gpxl5qgg8kicmcvivwmybwjlpf7wh20l-graalvm17-ce-22.3.0/lib/libzip.so
7f8ba9c3f000-7f8ba9c54000 r-xp 00000000 00:7de 9223372037562580474       /nix/store/gpxl5qgg8kicmcvivwmybwjlpf7wh20l-graalvm17-ce-22.3.0/lib/libnet.so
7f8ba9c54000-7f8ba9c55000 ---p 00015000 00:7de 9223372037562580474       /nix/store/gpxl5qgg8kicmcvivwmybwjlpf7wh20l-graalvm17-ce-22.3.0/lib/libnet.so
7f8ba9c55000-7f8ba9c56000 r--p 00015000 00:7de 9223372037562580474       /nix/store/gpxl5qgg8kicmcvivwmybwjlpf7wh20l-graalvm17-ce-22.3.0/lib/libnet.so
7f8ba9c56000-7f8ba9c57000 rw-p 00016000 00:7de 9223372037562580474       /nix/store/gpxl5qgg8kicmcvivwmybwjlpf7wh20l-graalvm17-ce-22.3.0/lib/libnet.so
7f8ba9c57000-7f8ba9c5a000 rw-p 0001b000 00:7de 9223372037562580474       /nix/store/gpxl5qgg8kicmcvivwmybwjlpf7wh20l-graalvm17-ce-22.3.0/lib/libnet.so
7f8ba9c5a000-7f8ba9c6d000 r-xp 00000000 00:7de 9223372037562580475       /nix/store/gpxl5qgg8kicmcvivwmybwjlpf7wh20l-graalvm17-ce-22.3.0/lib/libnio.so
7f8ba9c6d000-7f8ba9c6e000 r--p 00012000 00:7de 9223372037562580475       /nix/store/gpxl5qgg8kicmcvivwmybwjlpf7wh20l-graalvm17-ce-22.3.0/lib/libnio.so
7f8ba9c6e000-7f8ba9c6f000 rw-p 00013000 00:7de 9223372037562580475       /nix/store/gpxl5qgg8kicmcvivwmybwjlpf7wh20l-graalvm17-ce-22.3.0/lib/libnio.so
7f8ba9c6f000-7f8ba9c74000 rw-p 00019000 00:7de 9223372037562580475       /nix/store/gpxl5qgg8kicmcvivwmybwjlpf7wh20l-graalvm17-ce-22.3.0/lib/libnio.so
7f8ba9c74000-7f8bab54c000 rw-p 00000000 00:00 0 
7f8bab54c000-7f8bab54d000 ---p 00000000 00:00 0 
7f8bab54d000-7f8bab6f8000 rw-p 00000000 00:00 0 
7f8bab6f8000-7f8bab72d000 rw-p 00000000 00:00 0 
7f8bab72d000-7f8bab74e000 ---p 00000000 00:00 0 
7f8bab74e000-7f8bab754000 rw-p 00000000 00:00 0 
7f8bab754000-7f8bab83a000 ---p 00000000 00:00 0 
7f8bab83a000-7f8bab857000 rw-p 00000000 00:00 0 
7f8bab857000-7f8bab925000 ---p 00000000 00:00 0 
7f8bab925000-7f8bab92a000 rw-p 00000000 00:00 0 
7f8bab92a000-7f8bab931000 ---p 00000000 00:00 0 
7f8bab931000-7f8bab955000 r-xp 00000000 00:7de 9223372037562577932       /nix/store/gpxl5qgg8kicmcvivwmybwjlpf7wh20l-graalvm17-ce-22.3.0/lib/libjava.so
7f8bab955000-7f8bab956000 ---p 00024000 00:7de 9223372037562577932       /nix/store/gpxl5qgg8kicmcvivwmybwjlpf7wh20l-graalvm17-ce-22.3.0/lib/libjava.so
7f8bab956000-7f8bab957000 r--p 00024000 00:7de 9223372037562577932       /nix/store/gpxl5qgg8kicmcvivwmybwjlpf7wh20l-graalvm17-ce-22.3.0/lib/libjava.so
7f8bab957000-7f8bab958000 rw-p 00025000 00:7de 9223372037562577932       /nix/store/gpxl5qgg8kicmcvivwmybwjlpf7wh20l-graalvm17-ce-22.3.0/lib/libjava.so
7f8bab958000-7f8bab959000 rw-p 00000000 00:00 0 
7f8bab959000-7f8bab960000 rw-p 0002f000 00:7de 9223372037562577932       /nix/store/gpxl5qgg8kicmcvivwmybwjlpf7wh20l-graalvm17-ce-22.3.0/lib/libjava.so
7f8bab960000-7f8bab968000 rw-s 00000000 00:d9 572                        /tmp/hsperfdata_runner/1533
7f8bab968000-7f8bab969000 ---p 00000000 00:00 0 
7f8bab969000-7f8bab96a000 r--p 00000000 00:00 0 
7f8bab96a000-7f8bab96b000 rwxp 00000000 00:00 0 
7f8bab96b000-7f8bab986000 r-xp 00000000 00:7de 9223372037562577936       /nix/store/gpxl5qgg8kicmcvivwmybwjlpf7wh20l-graalvm17-ce-22.3.0/lib/libjimage.so
7f8bab986000-7f8bab987000 ---p 0001b000 00:7de 9223372037562577936       /nix/store/gpxl5qgg8kicmcvivwmybwjlpf7wh20l-graalvm17-ce-22.3.0/lib/libjimage.so
7f8bab987000-7f8bab989000 r--p 0001b000 00:7de 9223372037562577936       /nix/store/gpxl5qgg8kicmcvivwmybwjlpf7wh20l-graalvm17-ce-22.3.0/lib/libjimage.so
7f8bab989000-7f8bab98a000 rw-p 0001d000 00:7de 9223372037562577936       /nix/store/gpxl5qgg8kicmcvivwmybwjlpf7wh20l-graalvm17-ce-22.3.0/lib/libjimage.so
7f8bab98a000-7f8bab98b000 rw-p 00024000 00:7de 9223372037562577936       /nix/store/gpxl5qgg8kicmcvivwmybwjlpf7wh20l-graalvm17-ce-22.3.0/lib/libjimage.so
7f8bab98b000-7f8bab98f000 ---p 00000000 00:00 0 
7f8bab98f000-7f8baba8b000 rw-p 00000000 00:00 0 
7f8baba8b000-7f8baba99000 r--p 00000000 00:7de 9223372037455367831       /nix/store/4nlgxhb09sdr51nc9hdm8az5b08vzkgx-glibc-2.35-163/lib/libm.so.6
7f8baba99000-7f8babb0c000 r-xp 0000e000 00:7de 9223372037455367831       /nix/store/4nlgxhb09sdr51nc9hdm8az5b08vzkgx-glibc-2.35-163/lib/libm.so.6
7f8babb0c000-7f8babb69000 r--p 00081000 00:7de 9223372037455367831       /nix/store/4nlgxhb09sdr51nc9hdm8az5b08vzkgx-glibc-2.35-163/lib/libm.so.6
7f8babb69000-7f8babb6a000 r--p 000dd000 00:7de 9223372037455367831       /nix/store/4nlgxhb09sdr51nc9hdm8az5b08vzkgx-glibc-2.35-163/lib/libm.so.6
7f8babb6a000-7f8babb6b000 rw-p 000de000 00:7de 9223372037455367831       /nix/store/4nlgxhb09sdr51nc9hdm8az5b08vzkgx-glibc-2.35-163/lib/libm.so.6
7f8babb6b000-7f8babb6c000 r--p 00000000 00:7de 9223372037455367850       /nix/store/4nlgxhb09sdr51nc9hdm8az5b08vzkgx-glibc-2.35-163/lib/librt.so.1
7f8babb6c000-7f8babb6d000 r-xp 00001000 00:7de 9223372037455367850       /nix/store/4nlgxhb09sdr51nc9hdm8az5b08vzkgx-glibc-2.35-163/lib/librt.so.1
7f8babb6d000-7f8babb6e000 r--p 00002000 00:7de 9223372037455367850       /nix/store/4nlgxhb09sdr51nc9hdm8az5b08vzkgx-glibc-2.35-163/lib/librt.so.1
7f8babb6e000-7f8babb6f000 r--p 00002000 00:7de 9223372037455367850       /nix/store/4nlgxhb09sdr51nc9hdm8az5b08vzkgx-glibc-2.35-163/lib/librt.so.1
7f8babb6f000-7f8babb70000 rw-p 00003000 00:7de 9223372037455367850       /nix/store/4nlgxhb09sdr51nc9hdm8az5b08vzkgx-glibc-2.35-163/lib/librt.so.1
7f8babb70000-7f8bacc83000 r-xp 00000000 00:7de 9223372037562748770       /nix/store/gpxl5qgg8kicmcvivwmybwjlpf7wh20l-graalvm17-ce-22.3.0/lib/server/libjvm.so
7f8bacc83000-7f8bacc84000 ---p 01113000 00:7de 9223372037562748770       /nix/store/gpxl5qgg8kicmcvivwmybwjlpf7wh20l-graalvm17-ce-22.3.0/lib/server/libjvm.so
7f8bacc84000-7f8bacd39000 r--p 01113000 00:7de 9223372037562748770       /nix/store/gpxl5qgg8kicmcvivwmybwjlpf7wh20l-graalvm17-ce-22.3.0/lib/server/libjvm.so
7f8bacd39000-7f8bacd6d000 rw-p 011c8000 00:7de 9223372037562748770       /nix/store/gpxl5qgg8kicmcvivwmybwjlpf7wh20l-graalvm17-ce-22.3.0/lib/server/libjvm.so
7f8bacd6d000-7f8bacdc9000 rw-p 00000000 00:00 0 
7f8bacdc9000-7f8bacdf1000 r--p 00000000 00:7de 9223372037455367822       /nix/store/4nlgxhb09sdr51nc9hdm8az5b08vzkgx-glibc-2.35-163/lib/libc.so.6
7f8bacdf1000-7f8bacf67000 r-xp 00028000 00:7de 9223372037455367822       /nix/store/4nlgxhb09sdr51nc9hdm8az5b08vzkgx-glibc-2.35-163/lib/libc.so.6
7f8bacf67000-7f8bacfbf000 r--p 0019e000 00:7de 9223372037455367822       /nix/store/4nlgxhb09sdr51nc9hdm8az5b08vzkgx-glibc-2.35-163/lib/libc.so.6
7f8bacfbf000-7f8bacfc3000 r--p 001f6000 00:7de 9223372037455367822       /nix/store/4nlgxhb09sdr51nc9hdm8az5b08vzkgx-glibc-2.35-163/lib/libc.so.6
7f8bacfc3000-7f8bacfc5000 rw-p 001fa000 00:7de 9223372037455367822       /nix/store/4nlgxhb09sdr51nc9hdm8az5b08vzkgx-glibc-2.35-163/lib/libc.so.6
7f8bacfc5000-7f8bacfd4000 rw-p 00000000 00:00 0 
7f8bacfd4000-7f8bacfd5000 r--p 00000000 00:7de 9223372037455367827       /nix/store/4nlgxhb09sdr51nc9hdm8az5b08vzkgx-glibc-2.35-163/lib/libdl.so.2
7f8bacfd5000-7f8bacfd6000 r-xp 00001000 00:7de 9223372037455367827       /nix/store/4nlgxhb09sdr51nc9hdm8az5b08vzkgx-glibc-2.35-163/lib/libdl.so.2
7f8bacfd6000-7f8bacfd7000 r--p 00002000 00:7de 9223372037455367827       /nix/store/4nlgxhb09sdr51nc9hdm8az5b08vzkgx-glibc-2.35-163/lib/libdl.so.2
7f8bacfd7000-7f8bacfd8000 r--p 00002000 00:7de 9223372037455367827       /nix/store/4nlgxhb09sdr51nc9hdm8az5b08vzkgx-glibc-2.35-163/lib/libdl.so.2
7f8bacfd8000-7f8bacfd9000 rw-p 00003000 00:7de 9223372037455367827       /nix/store/4nlgxhb09sdr51nc9hdm8az5b08vzkgx-glibc-2.35-163/lib/libdl.so.2
7f8bacfd9000-7f8bacfda000 r--p 00000000 00:7de 9223372037455367846       /nix/store/4nlgxhb09sdr51nc9hdm8az5b08vzkgx-glibc-2.35-163/lib/libpthread.so.0
7f8bacfda000-7f8bacfdb000 r-xp 00001000 00:7de 9223372037455367846       /nix/store/4nlgxhb09sdr51nc9hdm8az5b08vzkgx-glibc-2.35-163/lib/libpthread.so.0
7f8bacfdb000-7f8bacfdc000 r--p 00002000 00:7de 9223372037455367846       /nix/store/4nlgxhb09sdr51nc9hdm8az5b08vzkgx-glibc-2.35-163/lib/libpthread.so.0
7f8bacfdc000-7f8bacfdd000 r--p 00002000 00:7de 9223372037455367846       /nix/store/4nlgxhb09sdr51nc9hdm8az5b08vzkgx-glibc-2.35-163/lib/libpthread.so.0
7f8bacfdd000-7f8bacfde000 rw-p 00003000 00:7de 9223372037455367846       /nix/store/4nlgxhb09sdr51nc9hdm8az5b08vzkgx-glibc-2.35-163/lib/libpthread.so.0
7f8bacfde000-7f8bacfec000 r-xp 00000000 00:7de 9223372037562577937       /nix/store/gpxl5qgg8kicmcvivwmybwjlpf7wh20l-graalvm17-ce-22.3.0/lib/libjli.so
7f8bacfec000-7f8bacfed000 ---p 0000e000 00:7de 9223372037562577937       /nix/store/gpxl5qgg8kicmcvivwmybwjlpf7wh20l-graalvm17-ce-22.3.0/lib/libjli.so
7f8bacfed000-7f8bacfee000 r--p 0000e000 00:7de 9223372037562577937       /nix/store/gpxl5qgg8kicmcvivwmybwjlpf7wh20l-graalvm17-ce-22.3.0/lib/libjli.so
7f8bacfee000-7f8bacfef000 rw-p 0000f000 00:7de 9223372037562577937       /nix/store/gpxl5qgg8kicmcvivwmybwjlpf7wh20l-graalvm17-ce-22.3.0/lib/libjli.so
7f8bacfef000-7f8bacff0000 rw-p 00012000 00:7de 9223372037562577937       /nix/store/gpxl5qgg8kicmcvivwmybwjlpf7wh20l-graalvm17-ce-22.3.0/lib/libjli.so
7f8bacff0000-7f8bacff3000 r--p 00000000 00:7de 9223372037533597975       /nix/store/026hln0aq1hyshaxsdvhg0kmcm6yf45r-zlib-1.2.13/lib/libz.so.1.2.13
7f8bacff3000-7f8bad005000 r-xp 00003000 00:7de 9223372037533597975       /nix/store/026hln0aq1hyshaxsdvhg0kmcm6yf45r-zlib-1.2.13/lib/libz.so.1.2.13
7f8bad005000-7f8bad00c000 r--p 00015000 00:7de 9223372037533597975       /nix/store/026hln0aq1hyshaxsdvhg0kmcm6yf45r-zlib-1.2.13/lib/libz.so.1.2.13
7f8bad00c000-7f8bad00d000 r--p 0001b000 00:7de 9223372037533597975       /nix/store/026hln0aq1hyshaxsdvhg0kmcm6yf45r-zlib-1.2.13/lib/libz.so.1.2.13
7f8bad00d000-7f8bad00e000 rw-p 0001c000 00:7de 9223372037533597975       /nix/store/026hln0aq1hyshaxsdvhg0kmcm6yf45r-zlib-1.2.13/lib/libz.so.1.2.13
7f8bad00e000-7f8bad010000 rw-p 00000000 00:00 0 
7f8bad010000-7f8bad012000 r--p 00000000 00:7de 9223372037455367816       /nix/store/4nlgxhb09sdr51nc9hdm8az5b08vzkgx-glibc-2.35-163/lib/ld-linux-x86-64.so.2
7f8bad012000-7f8bad039000 r-xp 00002000 00:7de 9223372037455367816       /nix/store/4nlgxhb09sdr51nc9hdm8az5b08vzkgx-glibc-2.35-163/lib/ld-linux-x86-64.so.2
7f8bad039000-7f8bad045000 r--p 00029000 00:7de 9223372037455367816       /nix/store/4nlgxhb09sdr51nc9hdm8az5b08vzkgx-glibc-2.35-163/lib/ld-linux-x86-64.so.2
7f8bad045000-7f8bad047000 r--p 00034000 00:7de 9223372037455367816       /nix/store/4nlgxhb09sdr51nc9hdm8az5b08vzkgx-glibc-2.35-163/lib/ld-linux-x86-64.so.2
7f8bad047000-7f8bad049000 rw-p 00036000 00:7de 9223372037455367816       /nix/store/4nlgxhb09sdr51nc9hdm8az5b08vzkgx-glibc-2.35-163/lib/ld-linux-x86-64.so.2
7ffd39f54000-7ffd39f78000 rw-p 00000000 00:00 0                          [stack]
7ffd39fac000-7ffd39fb0000 r--p 00000000 00:00 0                          [vvar]
7ffd39fb0000-7ffd39fb2000 r-xp 00000000 00:00 0                          [vdso]
ffffffffff600000-ffffffffff601000 --xp 00000000 00:00 0                  [vsyscall]


VM Arguments:
jvm_args: -XX:ThreadPriorityPolicy=1 -XX:+UnlockExperimentalVMOptions -XX:+EnableJVMCIProduct -XX:JVMCIThreadsPerNativeLibraryRuntime=1 -XX:-UnlockExperimentalVMOptions -Declipse.application=org.eclipse.jdt.ls.core.id1 -Dosgi.bundles.defaultStartLevel=4 -Declipse.product=org.eclipse.jdt.ls.core.product -Dlog.level=ALL -Xverify:none -XX:+UseParallelGC -XX:GCTimeRatio=4 -XX:AdaptiveSizePolicyWeight=90 -Dsun.zip.disableMemoryMapping=true -Xmx512m -Xms100m 
java_command: /nix/store/m6gcpi1ii6rghy04cjwjddcavv7i90df-jdt-language-server-1.9.0/share/java/plugins/org.eclipse.equinox.launcher_1.6.400.v20210924-0641.jar --add-modules=ALL-SYSTEM --add-opens java.base/java.util=ALL-UNNAMED --add-opens java.base/java.lang=ALL-UNNAMED -configuration /home/runner/.cache/jdt-language-server/config -data /home/runner/.cache/jdt-language-server/data/home/runner/SDLC-Assignment
java_class_path (initial): /nix/store/m6gcpi1ii6rghy04cjwjddcavv7i90df-jdt-language-server-1.9.0/share/java/plugins/org.eclipse.equinox.launcher_1.6.400.v20210924-0641.jar
Launcher Type: SUN_STANDARD

[Global flags]
    uintx AdaptiveSizePolicyWeight                 = 90                                        {product} {command line}
     intx CICompilerCount                          = 2                                         {product} {ergonomic}
     bool EnableJVMCIProduct                       = true                                {JVMCI product} {jimage}
    uintx GCTimeRatio                              = 4                                         {product} {command line}
   size_t InitialHeapSize                          = 104857600                                 {product} {command line}
     uint JVMCIThreadsPerNativeLibraryRuntime      = 1                                   {JVMCI product} {jimage}
   size_t MaxHeapSize                              = 536870912                                 {product} {command line}
   size_t MaxNewSize                               = 178782208                                 {product} {ergonomic}
   size_t MinHeapDeltaBytes                        = 524288                                    {product} {ergonomic}
   size_t MinHeapSize                              = 104857600                                 {product} {command line}
   size_t NewSize                                  = 34603008                                  {product} {ergonomic}
    uintx NonNMethodCodeHeapSize                   = 5826188                                {pd product} {ergonomic}
    uintx NonProfiledCodeHeapSize                  = 122916026                              {pd product} {ergonomic}
   size_t OldSize                                  = 70254592                                  {product} {ergonomic}
    uintx ProfiledCodeHeapSize                     = 122916026                              {pd product} {ergonomic}
    uintx ReservedCodeCacheSize                    = 251658240                              {pd product} {ergonomic}
     bool SegmentedCodeCache                       = true                                      {product} {ergonomic}
   size_t SoftMaxHeapSize                          = 536870912                              {manageable} {ergonomic}
     intx ThreadPriorityPolicy                     = 1                                         {product} {jimage}
     bool UseCompressedClassPointers               = true                           {product lp64_product} {ergonomic}
     bool UseCompressedOops                        = true                           {product lp64_product} {ergonomic}
     bool UseParallelGC                            = true                                      {product} {command line}

Logging:
Log output configuration:
 #0: stdout all=warning uptime,level,tags
 #1: stderr all=off uptime,level,tags

Environment Variables:
JAVA_HOME=/nix/store/gpxl5qgg8kicmcvivwmybwjlpf7wh20l-graalvm17-ce-22.3.0
PATH=/nix/store/1d6ian3r8kdzspw8hacjhl3xkp40g1lj-binutils-wrapper-2.39/bin:/nix/store/dq0xwmsk1g0i2ayg6pb7y87na2knzylh-gcc-wrapper-11.3.0/bin:/nix/store/bap4d0lpcrhpwmpb8ayjcgkmvfj62lnq-bash-interactive-5.1-p16/bin:/nix/store/pr5n59mb4jzmfx6kanwxly0l07p861fg-patchelf-0.15.0/bin:/nix/store/1gf2flfqnpqbr1b4p4qz2f72y42bs56r-gcc-11.3.0/bin:/nix/store/57xv61c5zi8pphjbcwxxjlgc34p61ic9-glibc-2.35-163-bin/bin:/nix/store/a7gvj343m05j2s32xcnwr35v31ynlypr-coreutils-9.1/bin:/nix/store/039g378vc3pc3dvi9dzdlrd0i4q93qwf-binutils-2.39/bin:/nix/store/gpxl5qgg8kicmcvivwmybwjlpf7wh20l-graalvm17-ce-22.3.0/bin:/nix/store/6z9ag3ihc8mq2hzsw48lhbznvzny65nz-apache-maven-3.8.6/bin:/nix/store/m6gcpi1ii6rghy04cjwjddcavv7i90df-jdt-language-server-1.9.0/bin:/nix/store/84xs5alhs01zrbr4ywm05kxbjbp5590l-java-debug/bin:/nix/store/mydc6f4k2z73xlcz7ilif3v2lcaiqvza-findutils-4.9.0/bin:/nix/store/j9p3g8472iijd50vhdprx0nmk2fqn5gv-diffutils-3.8/bin:/nix/store/89zs7rms6x00xfq4dq6m7mjnhkr8a6r4-gnused-4.8/bin:/nix/store/86bp03jkmsl6f92w0yzg4s59g5mhxwmy-gnugrep-3.7/bin:/nix/store/hwcdqw4jrjnd37wxqgsd47hd0j8bnj09-gawk-5.1.1/bin:/nix/store/cfbhw8r8ags41vwqaz47r583d0p4h4a1-gnutar-1.34/bin:/nix/store/p3m1ndl1lapwrlh698bnb5lvvxh67378-gzip-1.12/bin:/nix/store/a8mhcagrsly7c7mpjrpsnaahk4aax056-bzip2-1.0.8-bin/bin:/nix/store/mblgz65m3zv9x548a3d5m96fj2pbwr09-gnumake-4.3/bin:/nix/store/dsd5gz46hdbdk2rfdimqddhq6m8m8fqs-bash-5.1-p16/bin:/nix/store/v7ljksji50mg3w61dykaa3n3y79n6nil-patch-2.7.6/bin:/nix/store/zlcnmqq14jz5x9439jf937mvayyl63da-xz-5.2.7-bin/bin:/nix/store/y6aj732zm9m87c82fpvf103a1xb22blp-file-5.43/bin:/nix/store/sgqd0ajghcv2axfl1lad0b1alyavp0dc-prybar-elisp-0.0.0-67f7a00/bin:/nix/store/p3hsvljpgs68jqwar41lc0jqhjj734lf-prybar-lua-0.0.0-67f7a00/bin:/nix/store/qzxs2gybds3s9kb1vkaflpgm2nwr85fh-prybar-python3-0.0.0-67f7a00/bin:/nix/store/km94z9mxp8w4m8gxxp5mbfpdf3nkfvd8-prybar-sqlite-0.0.0-67f7a00/bin:/nix/store/2pnc7b76asw0z59c4l6h6qy8arwqrii1-prybar-tcl-0.0.0-67f7a00/bin:/nix/store/hpbvrlwd5viqmvcaisb3x0118i913a9n-st
LD_LIBRARY_PATH=/nix/store/a4pff549sk2idnkpzk5nsfps3mdkdnvm-cups-2.4.2-lib/lib:/nix/store/72mqxxhh3cy5yifh92wh2yb8cl2hikyy-cairo-1.16.0/lib:/nix/store/2k366jrbsra97gjfxwvrhvixjfxdach5-glib-2.74.1/lib:/nix/store/2j2znigd8ak37rlwh9khz0ry3clqlw1l-gtk+3-3.24.34/lib:/nix/store/hisqvx32cd57apbpcsnkpx6k3549wql1-libglvnd-1.4.0/lib:/nix/store/p36pgcv991mq5srvg765b78yqpxvk3qs-mesa-21.3.3-drivers/lib:/nix/store/mav4251if1ahjq5vkpwycyyvnmy459c4-pulseaudio-14.2/lib
DISPLAY=:0
LANG=en_US.UTF-8

Signal Handlers:
   SIGSEGV: crash_handler in libjvm.so, mask=11100100010111111101111111111110, flags=SA_RESTART|SA_SIGINFO
    SIGBUS: crash_handler in libjvm.so, mask=11100100010111111101111111111110, flags=SA_RESTART|SA_SIGINFO
    SIGFPE: crash_handler in libjvm.so, mask=11100100010111111101111111111110, flags=SA_RESTART|SA_SIGINFO
   SIGPIPE: IsolateEnterStub_IgnoreSIGPIPEStartupHook_noopSignalHandler_8f19bff2f35b5f630d83b364d6b2339320d4ec70_216e8361c6bc87a8f89f58cc10d3b2fd4415bf87 in libjvmcicompiler.so, mask=00000000000000000000000000000000, flags=SA_RESTART
  *** Handler was modified!
  *** Expected: javaSignalHandler in libjvm.so, mask=11100100110111111111111111111110, flags=SA_RESTART|SA_SIGINFO
   SIGXFSZ: javaSignalHandler in libjvm.so, mask=11100100010111111101111111111110, flags=SA_RESTART|SA_SIGINFO
    SIGILL: crash_handler in libjvm.so, mask=11100100010111111101111111111110, flags=SA_RESTART|SA_SIGINFO
   SIGUSR2: SR_handler in libjvm.so, mask=00000000000000000000000000000000, flags=SA_RESTART|SA_SIGINFO
    SIGHUP: UserHandler in libjvm.so, mask=11100100010111111101111111111110, flags=SA_RESTART|SA_SIGINFO
    SIGINT: UserHandler in libjvm.so, mask=11100100010111111101111111111110, flags=SA_RESTART|SA_SIGINFO
   SIGTERM: UserHandler in libjvm.so, mask=11100100010111111101111111111110, flags=SA_RESTART|SA_SIGINFO
   SIGQUIT: UserHandler in libjvm.so, mask=11100100010111111101111111111110, flags=SA_RESTART|SA_SIGINFO
  *** Handler was modified!
  *** Expected: javaSignalHandler in libjvm.so, mask=11100100110111111111111111111110, flags=SA_RESTART|SA_SIGINFO
   SIGTRAP: crash_handler in libjvm.so, mask=11100100010111111101111111111110, flags=SA_RESTART|SA_SIGINFO


---------------  S Y S T E M  ---------------

OS:
DISTRIB_ID=Ubuntu
DISTRIB_RELEASE=20.04
DISTRIB_CODENAME=focal
DISTRIB_DESCRIPTION="Ubuntu 20.04.2 LTS"
uname: Linux 5.15.0-1027-gcp #34~20.04.1-Ubuntu SMP Mon Jan 9 18:40:09 UTC 2023 x86_64
OS uptime: 0 days 6:29 hours
libc: glibc 2.35 NPTL 2.35 
rlimit (soft/hard): STACK 8192k/infinity , CORE infinity/infinity , NPROC infinity/infinity , NOFILE 5242/5242 , AS infinity/infinity , CPU infinity/infinity , DATA infinity/infinity , FSIZE infinity/infinity , MEMLOCK 64k/64k
load average: 11.78 11.86 11.22

/proc/meminfo:
MemTotal:       65852740 kB
MemFree:        28067816 kB
MemAvailable:   49124332 kB
Buffers:         2198764 kB
Cached:         17740060 kB
SwapCached:            0 kB
Active:          9313332 kB
Inactive:       24989524 kB
Active(anon):      14040 kB
Inactive(anon): 13916132 kB
Active(file):    9299292 kB
Inactive(file): 11073392 kB
Unevictable:       43764 kB
Mlocked:           43764 kB
SwapTotal:             0 kB
SwapFree:              0 kB
Dirty:              3744 kB
Writeback:             8 kB
AnonPages:      13179064 kB
Mapped:          1555620 kB
Shmem:             38788 kB
KReclaimable:    1410436 kB
Slab:            2528072 kB
SReclaimable:    1410436 kB
SUnreclaim:      1117636 kB
KernelStack:      396208 kB
PageTables:       149116 kB
NFS_Unstable:          0 kB
Bounce:                0 kB
WritebackTmp:          0 kB
CommitLimit:    32926368 kB
Committed_AS:   63779840 kB
VmallocTotal:   34359738367 kB
VmallocUsed:      432276 kB
VmallocChunk:          0 kB
Percpu:            56800 kB
HardwareCorrupted:     0 kB
AnonHugePages:    765952 kB
ShmemHugePages:        0 kB
ShmemPmdMapped:        0 kB
FileHugePages:         0 kB
FilePmdMapped:         0 kB
HugePages_Total:       0
HugePages_Free:        0
HugePages_Rsvd:        0
HugePages_Surp:        0
Hugepagesize:       2048 kB
Hugetlb:               0 kB
DirectMap4k:     3822400 kB
DirectMap2M:    39165952 kB
DirectMap1G:    26214400 kB

/sys/kernel/mm/transparent_hugepage/enabled: always [madvise] never
/sys/kernel/mm/transparent_hugepage/defrag (defrag/compaction efforts parameter): always defer defer+madvise [madvise] never

Process Memory:
Virtual Size: 4650052K (peak: 4668676K)
Resident Set Size: 746024K (peak: 783084K) (anon: 552688K, file: 193336K, shmem: 0K)
Swapped out: 0K
C-Heap outstanding allocations: 38852K, retained: 11099K
glibc malloc tunables: (default)

/proc/sys/kernel/threads-max (system-wide limit on the number of threads): 514406
/proc/sys/vm/max_map_count (maximum number of memory map areas a process may have): 65530
/proc/sys/kernel/pid_max (system-wide limit on number of process identifiers): 4194304

container (cgroup) information:
container_type: cgroupv1
cpu_cpuset_cpus: 2-7
cpu_memory_nodes: 0
active_processor_count: 1
cpu_quota: 50000
cpu_period: 100000
cpu_shares: 512
memory_limit_in_bytes: 1048576 k
memory_and_swap_limit_in_bytes: 1048576 k
memory_soft_limit_in_bytes: 524288 k
memory_usage_in_bytes: 592556 k
memory_max_usage_in_bytes: 669644 k
maximum number of tasks: 1000
current number of tasks: 54

KVM virtualization detected
Steal ticks since vm start: 0
Steal ticks percentage since vm start:  0.000

CPU: total 8 (initial active 1) (8 cores per cpu, 2 threads per core) family 23 model 49 stepping 0 microcode 0xffffffff, cx8, cmov, fxsr, ht, mmx, 3dnowpref, sse, sse2, sse3, ssse3, sse4a, sse4.1, sse4.2, popcnt, lzcnt, tsc, tscinvbit, avx, avx2, aes, clmul, bmi1, bmi2, adx, sha, fma, vzeroupper, clflush, clflushopt, hv
CPU Model and flags from /proc/cpuinfo:
model name	: AMD EPYC 7B12
flags		: fpu vme de pse tsc msr pae mce cx8 apic sep mtrr pge mca cmov pat pse36 clflush mmx fxsr sse sse2 ht syscall nx mmxext fxsr_opt pdpe1gb rdtscp lm constant_tsc rep_good nopl nonstop_tsc cpuid extd_apicid tsc_known_freq pni pclmulqdq ssse3 fma cx16 sse4_1 sse4_2 movbe popcnt aes xsave avx f16c rdrand hypervisor lahf_lm cmp_legacy cr8_legacy abm sse4a misalignsse 3dnowprefetch osvw topoext ssbd ibrs ibpb stibp vmmcall fsgsbase tsc_adjust bmi1 avx2 smep bmi2 rdseed adx smap clflushopt clwb sha_ni xsaveopt xsavec xgetbv1 clzero xsaveerptr arat npt nrip_save umip rdpid

Online cpus: 0-7
Offline cpus: 
BIOS frequency limitation: <Not Available>
Frequency switch latency (ns): <Not Available>
Available cpu frequencies: <Not Available>
Current governor: <Not Available>
Core performance/turbo boost: <Not Available>

Memory: 4k page, physical 1048576k(456012k free), swap 0k(0k free)
Page Sizes: 4k

vm_info: OpenJDK 64-Bit Server VM (17.0.5+8-jvmci-22.3-b08) for linux-amd64 JRE (17.0.5+8-jvmci-22.3-b08), built on Oct 19 2022 09:01:27 by "buildslave" with gcc 10.3.0

END.
